*** Starting uWSGI 2.0.21 (64bit) on [Thu Mar 20 12:36:14 2025] ***
compiled with version: 12.2.0 on 20 March 2025 12:32:40
os: Linux-5.15.49-linuxkit-pr #1 SMP PREEMPT Thu May 25 07:27:39 UTC 2023
nodename: 538fb5a914c5
machine: aarch64
clock source: unix
detected number of CPU cores: 4
current working directory: /code
detected binary path: /usr/local/bin/uwsgi
!!! no internal routing support, rebuild with pcre support !!!
uWSGI running as root, you can use --uid/--gid/--chroot options
*** WARNING: you are running uWSGI as root !!! (use the --uid flag) *** 
chdir() to /code
your memory page size is 4096 bytes
detected max file descriptor number: 1048576
lock engine: pthread robust mutexes
thunder lock: disabled (you can enable it with --thunder-lock)
uwsgi socket 0 bound to TCP address :8000 fd 3
uWSGI running as root, you can use --uid/--gid/--chroot options
*** WARNING: you are running uWSGI as root !!! (use the --uid flag) *** 
Python version: 3.11.4 (main, Aug 16 2023, 07:34:21) [GCC 12.2.0]
*** Python threads support is disabled. You can enable it with --enable-threads ***
Python main interpreter initialized at 0xffff958f2940
uWSGI running as root, you can use --uid/--gid/--chroot options
*** WARNING: you are running uWSGI as root !!! (use the --uid flag) *** 
your server socket listen backlog is limited to 100 connections
your mercy for graceful operations on workers is 60 seconds
mapped 364600 bytes (356 KB) for 4 cores
*** Operational MODE: preforking ***
WSGI app 0 (mountpoint='') ready in 1 seconds on interpreter 0xffff958f2940 pid: 1 (default app)
uWSGI running as root, you can use --uid/--gid/--chroot options
*** WARNING: you are running uWSGI as root !!! (use the --uid flag) *** 
*** uWSGI is running in multiple interpreter mode ***
spawned uWSGI master process (pid: 1)
spawned uWSGI worker 1 (pid: 7, cores: 1)
spawned uWSGI worker 2 (pid: 8, cores: 1)
spawned uWSGI worker 3 (pid: 9, cores: 1)
spawned uWSGI worker 4 (pid: 10, cores: 1)
invalid request block size: 21573 (max 4096)...skip
invalid request block size: 21573 (max 4096)...skip
invalid request block size: 21573 (max 4096)...skip
invalid request block size: 21573 (max 4096)...skip
invalid request block size: 21573 (max 4096)...skip
invalid request block size: 21573 (max 4096)...skip
invalid request block size: 21573 (max 4096)...skip
invalid request block size: 21573 (max 4096)...skip
invalid request block size: 21573 (max 4096)...skip
invalid request block size: 21573 (max 4096)...skip
invalid request block size: 21573 (max 4096)...skip
invalid request block size: 21573 (max 4096)...skip
invalid request block size: 21573 (max 4096)...skip
SIGINT/SIGTERM received...killing workers...
*** Starting uWSGI 2.0.21 (64bit) on [Thu Mar 20 12:38:58 2025] ***
compiled with version: 12.2.0 on 20 March 2025 12:32:40
os: Linux-5.15.49-linuxkit-pr #1 SMP PREEMPT Thu May 25 07:27:39 UTC 2023
nodename: cc3902447f90
machine: aarch64
clock source: unix
detected number of CPU cores: 4
current working directory: /code
detected binary path: /usr/local/bin/uwsgi
!!! no internal routing support, rebuild with pcre support !!!
uWSGI running as root, you can use --uid/--gid/--chroot options
*** WARNING: you are running uWSGI as root !!! (use the --uid flag) *** 
chdir() to /code
your memory page size is 4096 bytes
detected max file descriptor number: 1048576
lock engine: pthread robust mutexes
thunder lock: disabled (you can enable it with --thunder-lock)
uwsgi socket 0 bound to TCP address :8000 fd 3
uWSGI running as root, you can use --uid/--gid/--chroot options
*** WARNING: you are running uWSGI as root !!! (use the --uid flag) *** 
Python version: 3.11.4 (main, Aug 16 2023, 07:34:21) [GCC 12.2.0]
*** Python threads support is disabled. You can enable it with --enable-threads ***
Python main interpreter initialized at 0xffff7fdd2940
uWSGI running as root, you can use --uid/--gid/--chroot options
*** WARNING: you are running uWSGI as root !!! (use the --uid flag) *** 
your server socket listen backlog is limited to 100 connections
your mercy for graceful operations on workers is 60 seconds
mapped 364600 bytes (356 KB) for 4 cores
*** Operational MODE: preforking ***
WSGI app 0 (mountpoint='') ready in 1 seconds on interpreter 0xffff7fdd2940 pid: 1 (default app)
uWSGI running as root, you can use --uid/--gid/--chroot options
*** WARNING: you are running uWSGI as root !!! (use the --uid flag) *** 
*** uWSGI is running in multiple interpreter mode ***
spawned uWSGI master process (pid: 1)
spawned uWSGI worker 1 (pid: 6, cores: 1)
spawned uWSGI worker 2 (pid: 7, cores: 1)
spawned uWSGI worker 3 (pid: 8, cores: 1)
spawned uWSGI worker 4 (pid: 9, cores: 1)
[pid: 6|app: 0|req: 1/1] 172.21.0.1 () {36 vars in 1069 bytes} [Thu Mar 20 15:39:02 2025] GET /shop/product/all-filter/ => generated 8464 bytes in 176 msecs (HTTP/1.1 200) 7 headers in 222 bytes (1 switches on core 0)
[pid: 9|app: 0|req: 1/2] 172.21.0.1 () {36 vars in 1113 bytes} [Thu Mar 20 15:39:12 2025] GET /shop/product/all-filter/?search= => generated 8464 bytes in 180 msecs (HTTP/1.1 200) 7 headers in 222 bytes (1 switches on core 0)
[pid: 8|app: 0|req: 1/3] 172.21.0.1 () {36 vars in 1145 bytes} [Thu Mar 20 15:39:16 2025] GET /shop/product/all-filter/?search=%D0%9C%D0%B0 => generated 8464 bytes in 181 msecs (HTTP/1.1 200) 7 headers in 222 bytes (1 switches on core 0)
[pid: 8|app: 0|req: 2/4] 172.21.0.1 () {36 vars in 1116 bytes} [Thu Mar 20 15:39:18 2025] GET /shop/product/details/1/ => generated 7906 bytes in 51 msecs (HTTP/1.1 200) 8 headers in 390 bytes (1 switches on core 0)
[pid: 9|app: 0|req: 2/5] 172.21.0.1 () {34 vars in 1002 bytes} [Thu Mar 20 15:39:26 2025] GET /admin/ => generated 14867 bytes in 129 msecs (HTTP/1.1 200) 9 headers in 335 bytes (1 switches on core 0)
[pid: 8|app: 0|req: 3/6] 172.21.0.1 () {36 vars in 1068 bytes} [Thu Mar 20 15:41:52 2025] GET /admin/shop/review/ => generated 12361 bytes in 107 msecs (HTTP/1.1 200) 10 headers in 503 bytes (1 switches on core 0)
[pid: 9|app: 0|req: 3/7] 172.21.0.1 () {34 vars in 903 bytes} [Thu Mar 20 15:41:52 2025] GET /admin/jsi18n/ => generated 15618 bytes in 31 msecs (HTTP/1.1 200) 7 headers in 231 bytes (1 switches on core 0)
[pid: 7|app: 0|req: 1/8] 172.21.0.1 () {36 vars in 1092 bytes} [Thu Mar 20 15:41:54 2025] GET /admin/shop/manufacturer/ => generated 12449 bytes in 196 msecs (HTTP/1.1 200) 10 headers in 503 bytes (1 switches on core 0)
[pid: 9|app: 0|req: 4/9] 172.21.0.1 () {34 vars in 909 bytes} [Thu Mar 20 15:41:54 2025] GET /admin/jsi18n/ => generated 15618 bytes in 9 msecs (HTTP/1.1 200) 7 headers in 231 bytes (1 switches on core 0)
[pid: 9|app: 0|req: 5/10] 172.21.0.1 () {36 vars in 1068 bytes} [Thu Mar 20 15:42:01 2025] GET /admin/shop/review/ => generated 12361 bytes in 69 msecs (HTTP/1.1 200) 10 headers in 503 bytes (1 switches on core 0)
[pid: 9|app: 0|req: 6/11] 172.21.0.1 () {34 vars in 1002 bytes} [Thu Mar 20 15:42:02 2025] GET /admin/ => generated 14867 bytes in 49 msecs (HTTP/1.1 200) 9 headers in 335 bytes (1 switches on core 0)
SIGINT/SIGTERM received...killing workers...
*** Starting uWSGI 2.0.21 (64bit) on [Thu Mar 20 12:50:40 2025] ***
compiled with version: 12.2.0 on 20 March 2025 12:32:40
os: Linux-5.15.49-linuxkit-pr #1 SMP PREEMPT Thu May 25 07:27:39 UTC 2023
nodename: 50bea50a5f66
machine: aarch64
clock source: unix
detected number of CPU cores: 4
current working directory: /code
detected binary path: /usr/local/bin/uwsgi
!!! no internal routing support, rebuild with pcre support !!!
uWSGI running as root, you can use --uid/--gid/--chroot options
*** WARNING: you are running uWSGI as root !!! (use the --uid flag) *** 
chdir() to /code
your memory page size is 4096 bytes
detected max file descriptor number: 1048576
lock engine: pthread robust mutexes
thunder lock: disabled (you can enable it with --thunder-lock)
uwsgi socket 0 bound to TCP address :8000 fd 3
uWSGI running as root, you can use --uid/--gid/--chroot options
*** WARNING: you are running uWSGI as root !!! (use the --uid flag) *** 
Python version: 3.11.4 (main, Aug 16 2023, 07:34:21) [GCC 12.2.0]
*** Python threads support is disabled. You can enable it with --enable-threads ***
Python main interpreter initialized at 0xffffab1e2940
uWSGI running as root, you can use --uid/--gid/--chroot options
*** WARNING: you are running uWSGI as root !!! (use the --uid flag) *** 
your server socket listen backlog is limited to 100 connections
your mercy for graceful operations on workers is 60 seconds
mapped 364600 bytes (356 KB) for 4 cores
*** Operational MODE: preforking ***
WSGI app 0 (mountpoint='') ready in 0 seconds on interpreter 0xffffab1e2940 pid: 1 (default app)
uWSGI running as root, you can use --uid/--gid/--chroot options
*** WARNING: you are running uWSGI as root !!! (use the --uid flag) *** 
*** uWSGI is running in multiple interpreter mode ***
spawned uWSGI master process (pid: 1)
spawned uWSGI worker 1 (pid: 7, cores: 1)
spawned uWSGI worker 2 (pid: 8, cores: 1)
spawned uWSGI worker 3 (pid: 9, cores: 1)
spawned uWSGI worker 4 (pid: 10, cores: 1)
SIGINT/SIGTERM received...killing workers...
worker 1 buried after 1 seconds
worker 2 buried after 1 seconds
worker 3 buried after 1 seconds
worker 4 buried after 1 seconds
goodbye to uWSGI.
*** Starting uWSGI 2.0.21 (64bit) on [Thu Mar 20 12:54:35 2025] ***
compiled with version: 12.2.0 on 20 March 2025 12:32:40
os: Linux-5.15.49-linuxkit-pr #1 SMP PREEMPT Thu May 25 07:27:39 UTC 2023
nodename: d999665fe5f7
machine: aarch64
clock source: unix
detected number of CPU cores: 4
current working directory: /code
detected binary path: /usr/local/bin/uwsgi
!!! no internal routing support, rebuild with pcre support !!!
uWSGI running as root, you can use --uid/--gid/--chroot options
*** WARNING: you are running uWSGI as root !!! (use the --uid flag) *** 
chdir() to /code
your memory page size is 4096 bytes
detected max file descriptor number: 1048576
lock engine: pthread robust mutexes
thunder lock: disabled (you can enable it with --thunder-lock)
uwsgi socket 0 bound to TCP address :8000 fd 3
uWSGI running as root, you can use --uid/--gid/--chroot options
*** WARNING: you are running uWSGI as root !!! (use the --uid flag) *** 
Python version: 3.11.4 (main, Aug 16 2023, 07:34:21) [GCC 12.2.0]
*** Python threads support is disabled. You can enable it with --enable-threads ***
Python main interpreter initialized at 0xffffbdd42940
uWSGI running as root, you can use --uid/--gid/--chroot options
*** WARNING: you are running uWSGI as root !!! (use the --uid flag) *** 
your server socket listen backlog is limited to 100 connections
your mercy for graceful operations on workers is 60 seconds
mapped 364600 bytes (356 KB) for 4 cores
*** Operational MODE: preforking ***
WSGI app 0 (mountpoint='') ready in 1 seconds on interpreter 0xffffbdd42940 pid: 1 (default app)
uWSGI running as root, you can use --uid/--gid/--chroot options
*** WARNING: you are running uWSGI as root !!! (use the --uid flag) *** 
*** uWSGI is running in multiple interpreter mode ***
spawned uWSGI master process (pid: 1)
spawned uWSGI worker 1 (pid: 6, cores: 1)
spawned uWSGI worker 2 (pid: 7, cores: 1)
spawned uWSGI worker 3 (pid: 8, cores: 1)
spawned uWSGI worker 4 (pid: 9, cores: 1)
[pid: 8|app: 0|req: 1/1] 172.21.0.1 () {38 vars in 1147 bytes} [Thu Mar 20 15:54:49 2025] GET /shop/product/details/1/ => generated 7906 bytes in 274 msecs (HTTP/1.1 200) 8 headers in 390 bytes (1 switches on core 0)
[pid: 8|app: 0|req: 2/2] 172.21.0.1 () {36 vars in 1097 bytes} [Thu Mar 20 15:54:52 2025] GET /shop/product/all-filter/ => generated 8464 bytes in 45 msecs (HTTP/1.1 200) 7 headers in 222 bytes (1 switches on core 0)
[pid: 8|app: 0|req: 3/3] 172.21.0.1 () {36 vars in 1084 bytes} [Thu Mar 20 15:54:53 2025] GET /shop/product/all/ => generated 1995 bytes in 12 msecs (HTTP/1.1 200) 6 headers in 208 bytes (1 switches on core 0)
SIGINT/SIGTERM received...killing workers...
*** Starting uWSGI 2.0.21 (64bit) on [Thu Mar 20 12:57:22 2025] ***
compiled with version: 12.2.0 on 20 March 2025 12:32:40
os: Linux-5.15.49-linuxkit-pr #1 SMP PREEMPT Thu May 25 07:27:39 UTC 2023
nodename: f8fd3e2cb083
machine: aarch64
clock source: unix
detected number of CPU cores: 4
current working directory: /code
detected binary path: /usr/local/bin/uwsgi
!!! no internal routing support, rebuild with pcre support !!!
uWSGI running as root, you can use --uid/--gid/--chroot options
*** WARNING: you are running uWSGI as root !!! (use the --uid flag) *** 
chdir() to /code
your memory page size is 4096 bytes
detected max file descriptor number: 1048576
lock engine: pthread robust mutexes
thunder lock: disabled (you can enable it with --thunder-lock)
uwsgi socket 0 bound to TCP address :8000 fd 3
uWSGI running as root, you can use --uid/--gid/--chroot options
*** WARNING: you are running uWSGI as root !!! (use the --uid flag) *** 
Python version: 3.11.4 (main, Aug 16 2023, 07:34:21) [GCC 12.2.0]
*** Python threads support is disabled. You can enable it with --enable-threads ***
Python main interpreter initialized at 0xffffb6132940
uWSGI running as root, you can use --uid/--gid/--chroot options
*** WARNING: you are running uWSGI as root !!! (use the --uid flag) *** 
your server socket listen backlog is limited to 100 connections
your mercy for graceful operations on workers is 60 seconds
mapped 364600 bytes (356 KB) for 4 cores
*** Operational MODE: preforking ***
WSGI app 0 (mountpoint='') ready in 0 seconds on interpreter 0xffffb6132940 pid: 1 (default app)
uWSGI running as root, you can use --uid/--gid/--chroot options
*** WARNING: you are running uWSGI as root !!! (use the --uid flag) *** 
*** uWSGI is running in multiple interpreter mode ***
spawned uWSGI master process (pid: 1)
spawned uWSGI worker 1 (pid: 7, cores: 1)
spawned uWSGI worker 2 (pid: 8, cores: 1)
spawned uWSGI worker 3 (pid: 9, cores: 1)
spawned uWSGI worker 4 (pid: 10, cores: 1)
[pid: 9|app: 0|req: 1/1] 172.21.0.1 () {36 vars in 1098 bytes} [Thu Mar 20 15:57:30 2025] GET /shop/product/all-filter/ => generated 8464 bytes in 283 msecs (HTTP/1.1 200) 7 headers in 222 bytes (1 switches on core 0)
[pid: 9|app: 0|req: 2/2] 172.21.0.1 () {36 vars in 1084 bytes} [Thu Mar 20 15:57:32 2025] GET /shop/product/all/ => generated 1995 bytes in 37 msecs (HTTP/1.1 200) 6 headers in 208 bytes (1 switches on core 0)
[pid: 10|app: 0|req: 1/3] 172.21.0.1 () {36 vars in 1064 bytes} [Thu Mar 20 15:57:35 2025] GET /basket/ => generated 2865 bytes in 182 msecs (HTTP/1.1 200) 8 headers in 573 bytes (1 switches on core 0)
[pid: 7|app: 0|req: 1/4] 172.21.0.1 () {36 vars in 1096 bytes} [Thu Mar 20 15:57:41 2025] GET /shop/product/details/1/ => generated 7906 bytes in 185 msecs (HTTP/1.1 200) 8 headers in 390 bytes (1 switches on core 0)
[pid: 7|app: 0|req: 2/5] 172.21.0.1 () {36 vars in 1096 bytes} [Thu Mar 20 15:57:43 2025] GET /shop/product/details/1/ => generated 7906 bytes in 57 msecs (HTTP/1.1 200) 8 headers in 390 bytes (1 switches on core 0)
*** Starting uWSGI 2.0.21 (64bit) on [Thu Mar 20 13:04:07 2025] ***
compiled with version: 12.2.0 on 20 March 2025 12:32:40
os: Linux-5.15.49-linuxkit-pr #1 SMP PREEMPT Thu May 25 07:27:39 UTC 2023
nodename: 176a84923658
machine: aarch64
clock source: unix
detected number of CPU cores: 4
current working directory: /code
detected binary path: /usr/local/bin/uwsgi
!!! no internal routing support, rebuild with pcre support !!!
uWSGI running as root, you can use --uid/--gid/--chroot options
*** WARNING: you are running uWSGI as root !!! (use the --uid flag) *** 
chdir() to /code
your memory page size is 4096 bytes
detected max file descriptor number: 1048576
lock engine: pthread robust mutexes
thunder lock: disabled (you can enable it with --thunder-lock)
uwsgi socket 0 bound to TCP address :8000 fd 3
uWSGI running as root, you can use --uid/--gid/--chroot options
*** WARNING: you are running uWSGI as root !!! (use the --uid flag) *** 
Python version: 3.11.4 (main, Aug 16 2023, 07:34:21) [GCC 12.2.0]
*** Python threads support is disabled. You can enable it with --enable-threads ***
Python main interpreter initialized at 0xffff7f0a2940
uWSGI running as root, you can use --uid/--gid/--chroot options
*** WARNING: you are running uWSGI as root !!! (use the --uid flag) *** 
your server socket listen backlog is limited to 100 connections
your mercy for graceful operations on workers is 60 seconds
mapped 364600 bytes (356 KB) for 4 cores
*** Operational MODE: preforking ***
WSGI app 0 (mountpoint='') ready in 1 seconds on interpreter 0xffff7f0a2940 pid: 1 (default app)
uWSGI running as root, you can use --uid/--gid/--chroot options
*** WARNING: you are running uWSGI as root !!! (use the --uid flag) *** 
*** uWSGI is running in multiple interpreter mode ***
spawned uWSGI master process (pid: 1)
spawned uWSGI worker 1 (pid: 7, cores: 1)
spawned uWSGI worker 2 (pid: 8, cores: 1)
spawned uWSGI worker 3 (pid: 9, cores: 1)
spawned uWSGI worker 4 (pid: 10, cores: 1)
[pid: 7|app: 0|req: 1/1] 172.21.0.1 () {36 vars in 1097 bytes} [Thu Mar 20 16:04:13 2025] GET /shop/product/all-filter/ => generated 8464 bytes in 270 msecs (HTTP/1.1 200) 7 headers in 222 bytes (1 switches on core 0)
[pid: 10|app: 0|req: 1/2] 172.21.0.1 () {36 vars in 1096 bytes} [Thu Mar 20 16:04:15 2025] GET /shop/product/details/1/ => generated 7906 bytes in 213 msecs (HTTP/1.1 200) 8 headers in 390 bytes (1 switches on core 0)
[pid: 10|app: 0|req: 2/3] 172.21.0.1 () {36 vars in 1089 bytes} [Thu Mar 20 16:04:17 2025] GET /shop/product/more/1/ => generated 6758 bytes in 93 msecs (HTTP/1.1 200) 8 headers in 390 bytes (1 switches on core 0)
[pid: 7|app: 0|req: 2/4] 172.21.0.1 () {44 vars in 1208 bytes} [Thu Mar 20 16:04:21 2025] POST /basket/add/1/ => generated 0 bytes in 53 msecs (HTTP/1.1 302) 9 headers in 619 bytes (1 switches on core 0)
[pid: 9|app: 0|req: 1/5] 172.21.0.1 () {38 vars in 1117 bytes} [Thu Mar 20 16:04:21 2025] GET /basket/ => generated 4544 bytes in 104 msecs (HTTP/1.1 200) 7 headers in 222 bytes (1 switches on core 0)
[pid: 9|app: 0|req: 2/6] 172.21.0.1 () {36 vars in 1099 bytes} [Thu Mar 20 16:04:23 2025] GET /basket/create_order/ => generated 4749 bytes in 29 msecs (HTTP/1.1 200) 8 headers in 390 bytes (1 switches on core 0)
[pid: 10|app: 0|req: 3/7] 172.21.0.1 () {44 vars in 1230 bytes} [Thu Mar 20 16:05:09 2025] POST /basket/buy/ => generated 0 bytes in 73 msecs (HTTP/1.1 302) 9 headers in 582 bytes (1 switches on core 0)
[pid: 10|app: 0|req: 4/8] 172.21.0.1 () {38 vars in 1080 bytes} [Thu Mar 20 16:05:09 2025] GET /basket/ => generated 2865 bytes in 14 msecs (HTTP/1.1 200) 8 headers in 573 bytes (1 switches on core 0)
[pid: 10|app: 0|req: 5/9] 172.21.0.1 () {36 vars in 1081 bytes} [Thu Mar 20 16:05:19 2025] GET /shop/product/all-filter/ => generated 8464 bytes in 37 msecs (HTTP/1.1 200) 7 headers in 222 bytes (1 switches on core 0)
[pid: 10|app: 0|req: 6/10] 172.21.0.1 () {36 vars in 1064 bytes} [Thu Mar 20 16:05:23 2025] GET /basket/ => generated 2865 bytes in 32 msecs (HTTP/1.1 200) 8 headers in 573 bytes (1 switches on core 0)
[pid: 10|app: 0|req: 7/11] 172.21.0.1 () {36 vars in 1081 bytes} [Thu Mar 20 16:05:25 2025] GET /shop/product/all-filter/ => generated 8464 bytes in 35 msecs (HTTP/1.1 200) 7 headers in 222 bytes (1 switches on core 0)
Thu Mar 20 16:08:47 2025 - uWSGI worker 3 screams: UAAAAAAH my master disconnected: i will kill myself !!!
Thu Mar 20 16:08:47 2025 - uWSGI worker 1 screams: UAAAAAAH my master disconnected: i will kill myself !!!
Thu Mar 20 16:08:47 2025 - uWSGI worker 4 screams: UAAAAAAH my master disconnected: i will kill myself !!!
*** Starting uWSGI 2.0.21 (64bit) on [Thu Mar 20 13:37:31 2025] ***
compiled with version: 12.2.0 on 20 March 2025 12:32:40
os: Linux-5.15.49-linuxkit-pr #1 SMP PREEMPT Thu May 25 07:27:39 UTC 2023
nodename: f708fc41e745
machine: aarch64
clock source: unix
detected number of CPU cores: 4
current working directory: /code
detected binary path: /usr/local/bin/uwsgi
!!! no internal routing support, rebuild with pcre support !!!
uWSGI running as root, you can use --uid/--gid/--chroot options
*** WARNING: you are running uWSGI as root !!! (use the --uid flag) *** 
chdir() to /code
your memory page size is 4096 bytes
detected max file descriptor number: 1048576
lock engine: pthread robust mutexes
thunder lock: disabled (you can enable it with --thunder-lock)
uwsgi socket 0 bound to TCP address :8000 fd 3
uWSGI running as root, you can use --uid/--gid/--chroot options
*** WARNING: you are running uWSGI as root !!! (use the --uid flag) *** 
Python version: 3.11.4 (main, Aug 16 2023, 07:34:21) [GCC 12.2.0]
*** Python threads support is disabled. You can enable it with --enable-threads ***
Python main interpreter initialized at 0xffffbe7d2940
uWSGI running as root, you can use --uid/--gid/--chroot options
*** WARNING: you are running uWSGI as root !!! (use the --uid flag) *** 
your server socket listen backlog is limited to 100 connections
your mercy for graceful operations on workers is 60 seconds
mapped 364600 bytes (356 KB) for 4 cores
*** Operational MODE: preforking ***
WSGI app 0 (mountpoint='') ready in 0 seconds on interpreter 0xffffbe7d2940 pid: 1 (default app)
uWSGI running as root, you can use --uid/--gid/--chroot options
*** WARNING: you are running uWSGI as root !!! (use the --uid flag) *** 
*** uWSGI is running in multiple interpreter mode ***
spawned uWSGI master process (pid: 1)
spawned uWSGI worker 1 (pid: 7, cores: 1)
spawned uWSGI worker 2 (pid: 8, cores: 1)
spawned uWSGI worker 3 (pid: 9, cores: 1)
spawned uWSGI worker 4 (pid: 10, cores: 1)
[pid: 9|app: 0|req: 1/1] 172.21.0.1 () {36 vars in 1098 bytes} [Thu Mar 20 16:37:36 2025] GET /shop/product/all-filter/ => generated 8464 bytes in 142 msecs (HTTP/1.1 200) 7 headers in 222 bytes (1 switches on core 0)
[pid: 10|app: 0|req: 1/2] 172.21.0.1 () {36 vars in 1096 bytes} [Thu Mar 20 16:37:37 2025] GET /shop/product/details/1/ => generated 7906 bytes in 118 msecs (HTTP/1.1 200) 8 headers in 390 bytes (1 switches on core 0)
*** Starting uWSGI 2.0.21 (64bit) on [Thu Mar 20 17:44:28 2025] ***
compiled with version: 12.2.0 on 20 March 2025 12:32:40
os: Linux-5.15.49-linuxkit-pr #1 SMP PREEMPT Thu May 25 07:27:39 UTC 2023
nodename: adbbc2e4fc20
machine: aarch64
clock source: unix
detected number of CPU cores: 4
current working directory: /code
detected binary path: /usr/local/bin/uwsgi
!!! no internal routing support, rebuild with pcre support !!!
uWSGI running as root, you can use --uid/--gid/--chroot options
*** WARNING: you are running uWSGI as root !!! (use the --uid flag) *** 
chdir() to /code
your memory page size is 4096 bytes
detected max file descriptor number: 1048576
lock engine: pthread robust mutexes
thunder lock: disabled (you can enable it with --thunder-lock)
uwsgi socket 0 bound to TCP address :8000 fd 3
uWSGI running as root, you can use --uid/--gid/--chroot options
*** WARNING: you are running uWSGI as root !!! (use the --uid flag) *** 
Python version: 3.11.4 (main, Aug 16 2023, 07:34:21) [GCC 12.2.0]
*** Python threads support is disabled. You can enable it with --enable-threads ***
Python main interpreter initialized at 0xffff95992940
uWSGI running as root, you can use --uid/--gid/--chroot options
*** WARNING: you are running uWSGI as root !!! (use the --uid flag) *** 
your server socket listen backlog is limited to 100 connections
your mercy for graceful operations on workers is 60 seconds
mapped 364600 bytes (356 KB) for 4 cores
*** Operational MODE: preforking ***
WSGI app 0 (mountpoint='') ready in 0 seconds on interpreter 0xffff95992940 pid: 1 (default app)
uWSGI running as root, you can use --uid/--gid/--chroot options
*** WARNING: you are running uWSGI as root !!! (use the --uid flag) *** 
*** uWSGI is running in multiple interpreter mode ***
spawned uWSGI master process (pid: 1)
spawned uWSGI worker 1 (pid: 6, cores: 1)
spawned uWSGI worker 2 (pid: 7, cores: 1)
spawned uWSGI worker 3 (pid: 8, cores: 1)
spawned uWSGI worker 4 (pid: 9, cores: 1)
[pid: 6|app: 0|req: 1/1] 172.21.0.1 () {38 vars in 1127 bytes} [Thu Mar 20 20:44:32 2025] GET /shop/product/details/1/ => generated 7906 bytes in 650 msecs (HTTP/1.1 200) 8 headers in 390 bytes (1 switches on core 0)
[pid: 9|app: 0|req: 1/2] 172.21.0.1 () {36 vars in 1052 bytes} [Thu Mar 20 20:44:33 2025] GET /image/2025/03/18/cover.webp => generated 0 bytes in 82 msecs (HTTP/1.1 304) 5 headers in 175 bytes (0 switches on core 0)
[pid: 6|app: 0|req: 2/3] 172.21.0.1 () {36 vars in 1098 bytes} [Thu Mar 20 20:44:43 2025] GET /shop/product/all-filter/ => generated 8464 bytes in 78 msecs (HTTP/1.1 200) 7 headers in 222 bytes (1 switches on core 0)
[pid: 6|app: 0|req: 3/4] 172.21.0.1 () {36 vars in 1053 bytes} [Thu Mar 20 20:44:43 2025] GET /image/2025/03/18/cover.webp => generated 0 bytes in 5 msecs (HTTP/1.1 304) 5 headers in 175 bytes (0 switches on core 0)
[pid: 9|app: 0|req: 2/5] 172.21.0.1 () {36 vars in 1084 bytes} [Thu Mar 20 20:44:46 2025] GET /shop/product/all/ => generated 1995 bytes in 60 msecs (HTTP/1.1 200) 6 headers in 208 bytes (1 switches on core 0)
Not Found: /static/shop/css/bootstrap.css.map
[pid: 9|app: 0|req: 3/6] 172.21.0.1 () {30 vars in 871 bytes} [Thu Mar 20 20:45:14 2025] GET /static/shop/css/bootstrap.css.map => generated 2814 bytes in 39 msecs (HTTP/1.1 404) 6 headers in 200 bytes (1 switches on core 0)
Not Found: /static/shop/css/bootstrap.css.map
[pid: 9|app: 0|req: 4/7] 172.21.0.1 () {30 vars in 871 bytes} [Thu Mar 20 20:46:40 2025] GET /static/shop/css/bootstrap.css.map => generated 2814 bytes in 30 msecs (HTTP/1.1 404) 6 headers in 200 bytes (1 switches on core 0)
[pid: 9|app: 0|req: 5/8] 172.21.0.1 () {38 vars in 1129 bytes} [Thu Mar 20 20:49:48 2025] GET /shop/product/all-filter/ => generated 8464 bytes in 149 msecs (HTTP/1.1 200) 7 headers in 222 bytes (1 switches on core 0)
[pid: 9|app: 0|req: 6/9] 172.21.0.1 () {36 vars in 1053 bytes} [Thu Mar 20 20:49:48 2025] GET /image/2025/03/18/cover.webp => generated 0 bytes in 1 msecs (HTTP/1.1 304) 5 headers in 175 bytes (0 switches on core 0)
[pid: 7|app: 0|req: 1/10] 172.21.0.1 () {36 vars in 1084 bytes} [Thu Mar 20 20:49:50 2025] GET /shop/product/all/ => generated 2894 bytes in 222 msecs (HTTP/1.1 200) 6 headers in 208 bytes (1 switches on core 0)
[pid: 9|app: 0|req: 7/11] 172.21.0.1 () {38 vars in 1115 bytes} [Thu Mar 20 20:51:27 2025] GET /shop/product/all/ => generated 2910 bytes in 73 msecs (HTTP/1.1 200) 6 headers in 208 bytes (1 switches on core 0)
Not Found: /shop/product/all/product_filter_page
[pid: 7|app: 0|req: 2/12] 172.21.0.1 () {36 vars in 1115 bytes} [Thu Mar 20 20:51:29 2025] GET /shop/product/all/product_filter_page => generated 5687 bytes in 51 msecs (HTTP/1.1 404) 6 headers in 200 bytes (1 switches on core 0)
[pid: 9|app: 0|req: 8/13] 172.21.0.1 () {36 vars in 1096 bytes} [Thu Mar 20 20:52:29 2025] GET /shop/product/details/1/ => generated 7906 bytes in 104 msecs (HTTP/1.1 200) 8 headers in 390 bytes (1 switches on core 0)
[pid: 8|app: 0|req: 1/14] 172.21.0.1 () {36 vars in 1052 bytes} [Thu Mar 20 20:52:29 2025] GET /image/2025/03/18/cover.webp => generated 0 bytes in 167 msecs (HTTP/1.1 304) 5 headers in 175 bytes (0 switches on core 0)
[pid: 8|app: 0|req: 2/15] 172.21.0.1 () {36 vars in 1084 bytes} [Thu Mar 20 20:52:31 2025] GET /shop/product/all/ => generated 2910 bytes in 61 msecs (HTTP/1.1 200) 6 headers in 208 bytes (1 switches on core 0)
Not Found: /shop/product/all/product_filter_page
[pid: 9|app: 0|req: 9/16] 172.21.0.1 () {36 vars in 1115 bytes} [Thu Mar 20 20:52:33 2025] GET /shop/product/all/product_filter_page => generated 5687 bytes in 10 msecs (HTTP/1.1 404) 6 headers in 200 bytes (1 switches on core 0)
Not Found: /shop/product/all/product_filter_page
[pid: 9|app: 0|req: 10/17] 172.21.0.1 () {38 vars in 1146 bytes} [Thu Mar 20 20:53:47 2025] GET /shop/product/all/product_filter_page => generated 5687 bytes in 29 msecs (HTTP/1.1 404) 6 headers in 200 bytes (1 switches on core 0)
[pid: 9|app: 0|req: 11/18] 172.21.0.1 () {38 vars in 1115 bytes} [Thu Mar 20 20:53:50 2025] GET /shop/product/all/ => generated 2916 bytes in 78 msecs (HTTP/1.1 200) 6 headers in 208 bytes (1 switches on core 0)
[pid: 9|app: 0|req: 12/19] 172.21.0.1 () {36 vars in 1091 bytes} [Thu Mar 20 20:53:51 2025] GET /shop/product/all-filter/ => generated 8464 bytes in 50 msecs (HTTP/1.1 200) 7 headers in 222 bytes (1 switches on core 0)
[pid: 9|app: 0|req: 13/20] 172.21.0.1 () {36 vars in 1053 bytes} [Thu Mar 20 20:53:51 2025] GET /image/2025/03/18/cover.webp => generated 0 bytes in 2 msecs (HTTP/1.1 304) 5 headers in 175 bytes (0 switches on core 0)
[pid: 6|app: 0|req: 4/21] 172.21.0.1 () {36 vars in 1084 bytes} [Thu Mar 20 20:53:56 2025] GET /shop/product/all/ => generated 2916 bytes in 146 msecs (HTTP/1.1 200) 6 headers in 208 bytes (1 switches on core 0)
/usr/local/lib/python3.11/site-packages/django/views/generic/list.py:91: UnorderedObjectListWarning: Pagination may yield inconsistent results with an unordered object_list: <class 'shop.models.Supplier'> QuerySet.
  return self.paginator_class(
[pid: 6|app: 0|req: 5/22] 172.21.0.1 () {36 vars in 1078 bytes} [Thu Mar 20 20:54:00 2025] GET /shop/supplier/ => generated 453 bytes in 70 msecs (HTTP/1.1 200) 6 headers in 207 bytes (1 switches on core 0)
[pid: 8|app: 0|req: 3/23] 172.21.0.1 () {36 vars in 1082 bytes} [Thu Mar 20 20:54:01 2025] GET /shop/supplier/create/ => generated 2111 bytes in 74 msecs (HTTP/1.1 200) 8 headers in 390 bytes (1 switches on core 0)
[pid: 9|app: 0|req: 14/24] 172.21.0.1 () {36 vars in 1096 bytes} [Thu Mar 20 20:54:08 2025] GET /shop/product/details/1/ => generated 7906 bytes in 90 msecs (HTTP/1.1 200) 8 headers in 390 bytes (1 switches on core 0)
[pid: 9|app: 0|req: 15/25] 172.21.0.1 () {36 vars in 1052 bytes} [Thu Mar 20 20:54:08 2025] GET /image/2025/03/18/cover.webp => generated 0 bytes in 2 msecs (HTTP/1.1 304) 5 headers in 175 bytes (0 switches on core 0)
[pid: 9|app: 0|req: 16/26] 172.21.0.1 () {36 vars in 1096 bytes} [Thu Mar 20 20:54:21 2025] GET /shop/product/details/1/ => generated 7906 bytes in 74 msecs (HTTP/1.1 200) 8 headers in 390 bytes (1 switches on core 0)
[pid: 9|app: 0|req: 17/27] 172.21.0.1 () {36 vars in 1052 bytes} [Thu Mar 20 20:54:21 2025] GET /image/2025/03/18/cover.webp => generated 0 bytes in 1 msecs (HTTP/1.1 304) 5 headers in 175 bytes (0 switches on core 0)
Thu Mar 20 20:59:19 2025 - uWSGI worker 3 screams: UAAAAAAH my master disconnected: i will kill myself !!!
Thu Mar 20 20:59:19 2025 - uWSGI worker 2 screams: UAAAAAAH my master disconnected: i will kill myself !!!
Thu Mar 20 20:59:19 2025 - uWSGI worker 4 screams: UAAAAAAH my master disconnected: i will kill myself !!!
Thu Mar 20 20:59:19 2025 - uWSGI worker 1 screams: UAAAAAAH my master disconnected: i will kill myself !!!
*** Starting uWSGI 2.0.21 (64bit) on [Thu Mar 20 18:00:00 2025] ***
compiled with version: 12.2.0 on 20 March 2025 12:32:40
os: Linux-5.15.49-linuxkit-pr #1 SMP PREEMPT Thu May 25 07:27:39 UTC 2023
nodename: adbbc2e4fc20
machine: aarch64
clock source: unix
detected number of CPU cores: 4
current working directory: /code
detected binary path: /usr/local/bin/uwsgi
!!! no internal routing support, rebuild with pcre support !!!
uWSGI running as root, you can use --uid/--gid/--chroot options
*** WARNING: you are running uWSGI as root !!! (use the --uid flag) *** 
chdir() to /code
your memory page size is 4096 bytes
detected max file descriptor number: 1048576
lock engine: pthread robust mutexes
thunder lock: disabled (you can enable it with --thunder-lock)
uwsgi socket 0 bound to TCP address :8000 fd 3
uWSGI running as root, you can use --uid/--gid/--chroot options
*** WARNING: you are running uWSGI as root !!! (use the --uid flag) *** 
Python version: 3.11.4 (main, Aug 16 2023, 07:34:21) [GCC 12.2.0]
*** Python threads support is disabled. You can enable it with --enable-threads ***
Python main interpreter initialized at 0xffffa7e12940
uWSGI running as root, you can use --uid/--gid/--chroot options
*** WARNING: you are running uWSGI as root !!! (use the --uid flag) *** 
your server socket listen backlog is limited to 100 connections
your mercy for graceful operations on workers is 60 seconds
mapped 364600 bytes (356 KB) for 4 cores
*** Operational MODE: preforking ***
WSGI app 0 (mountpoint='') ready in 1 seconds on interpreter 0xffffa7e12940 pid: 1 (default app)
uWSGI running as root, you can use --uid/--gid/--chroot options
*** WARNING: you are running uWSGI as root !!! (use the --uid flag) *** 
*** uWSGI is running in multiple interpreter mode ***
spawned uWSGI master process (pid: 1)
spawned uWSGI worker 1 (pid: 7, cores: 1)
spawned uWSGI worker 2 (pid: 8, cores: 1)
spawned uWSGI worker 3 (pid: 9, cores: 1)
spawned uWSGI worker 4 (pid: 10, cores: 1)
[pid: 10|app: 0|req: 1/1] 172.21.0.1 () {36 vars in 1083 bytes} [Thu Mar 20 21:00:05 2025] GET /shop/product/all/ => generated 2916 bytes in 216 msecs (HTTP/1.1 200) 6 headers in 208 bytes (1 switches on core 0)
[pid: 7|app: 0|req: 1/2] 172.21.0.1 () {36 vars in 1091 bytes} [Thu Mar 20 21:00:10 2025] GET /shop/product/all-filter/ => generated 8464 bytes in 225 msecs (HTTP/1.1 200) 7 headers in 222 bytes (1 switches on core 0)
[pid: 8|app: 0|req: 1/3] 172.21.0.1 () {36 vars in 1053 bytes} [Thu Mar 20 21:00:10 2025] GET /image/2025/03/18/cover.webp => generated 0 bytes in 91 msecs (HTTP/1.1 304) 5 headers in 175 bytes (0 switches on core 0)
[pid: 10|app: 0|req: 2/4] 172.21.0.1 () {38 vars in 1122 bytes} [Thu Mar 20 21:00:42 2025] GET /shop/product/all-filter/ => generated 4203 bytes in 93 msecs (HTTP/1.1 200) 7 headers in 222 bytes (1 switches on core 0)
[pid: 8|app: 0|req: 2/5] 172.21.0.1 () {38 vars in 1122 bytes} [Thu Mar 20 21:00:52 2025] GET /shop/product/all-filter/ => generated 8464 bytes in 121 msecs (HTTP/1.1 200) 7 headers in 222 bytes (1 switches on core 0)
[pid: 10|app: 0|req: 3/6] 172.21.0.1 () {36 vars in 1053 bytes} [Thu Mar 20 21:00:52 2025] GET /image/2025/03/18/cover.webp => generated 0 bytes in 9 msecs (HTTP/1.1 304) 5 headers in 175 bytes (0 switches on core 0)
[pid: 7|app: 0|req: 2/7] 172.21.0.1 () {38 vars in 1122 bytes} [Thu Mar 20 21:05:25 2025] GET /shop/product/all-filter/ => generated 3456 bytes in 88 msecs (HTTP/1.1 200) 7 headers in 222 bytes (1 switches on core 0)
[pid: 10|app: 0|req: 4/8] 172.21.0.1 () {38 vars in 1122 bytes} [Thu Mar 20 21:05:34 2025] GET /shop/product/all-filter/ => generated 8464 bytes in 84 msecs (HTTP/1.1 200) 7 headers in 222 bytes (1 switches on core 0)
[pid: 7|app: 0|req: 3/9] 172.21.0.1 () {36 vars in 1053 bytes} [Thu Mar 20 21:05:34 2025] GET /image/2025/03/18/cover.webp => generated 0 bytes in 15 msecs (HTTP/1.1 304) 5 headers in 175 bytes (0 switches on core 0)
[pid: 10|app: 0|req: 5/10] 172.21.0.1 () {36 vars in 1096 bytes} [Thu Mar 20 21:05:35 2025] GET /shop/product/details/1/ => generated 7906 bytes in 58 msecs (HTTP/1.1 200) 8 headers in 390 bytes (1 switches on core 0)
[pid: 9|app: 0|req: 1/11] 172.21.0.1 () {36 vars in 1052 bytes} [Thu Mar 20 21:05:35 2025] GET /image/2025/03/18/cover.webp => generated 0 bytes in 140 msecs (HTTP/1.1 304) 5 headers in 175 bytes (0 switches on core 0)
[pid: 10|app: 0|req: 6/12] 172.21.0.1 () {38 vars in 1127 bytes} [Thu Mar 20 21:08:40 2025] GET /shop/product/details/1/ => generated 7906 bytes in 83 msecs (HTTP/1.1 200) 8 headers in 390 bytes (1 switches on core 0)
[pid: 8|app: 0|req: 3/13] 172.21.0.1 () {36 vars in 1052 bytes} [Thu Mar 20 21:08:40 2025] GET /image/2025/03/18/cover.webp => generated 0 bytes in 11 msecs (HTTP/1.1 304) 5 headers in 175 bytes (0 switches on core 0)
[pid: 10|app: 0|req: 7/14] 172.21.0.1 () {38 vars in 1122 bytes} [Thu Mar 20 21:08:42 2025] GET /shop/product/all-filter/ => generated 5872 bytes in 41 msecs (HTTP/1.1 200) 7 headers in 222 bytes (1 switches on core 0)
[pid: 10|app: 0|req: 8/15] 172.21.0.1 () {36 vars in 1189 bytes} [Thu Mar 20 21:08:48 2025] GET /shop/product/all-filter/?name=%D0%9C%D0%B0%D1%81&min_price=&max_price= => generated 5887 bytes in 32 msecs (HTTP/1.1 200) 7 headers in 222 bytes (1 switches on core 0)
[pid: 9|app: 0|req: 2/16] 172.21.0.1 () {38 vars in 1220 bytes} [Thu Mar 20 21:10:41 2025] GET /shop/product/all-filter/?name=%D0%9C%D0%B0%D1%81&min_price=&max_price= => generated 7877 bytes in 119 msecs (HTTP/1.1 200) 7 headers in 222 bytes (1 switches on core 0)
[pid: 9|app: 0|req: 3/17] 172.21.0.1 () {38 vars in 1220 bytes} [Thu Mar 20 21:10:42 2025] GET /shop/product/all-filter/?name=%D0%9C%D0%B0%D1%81&min_price=&max_price= => generated 7877 bytes in 36 msecs (HTTP/1.1 200) 7 headers in 222 bytes (1 switches on core 0)
[pid: 8|app: 0|req: 4/18] 172.21.0.1 () {38 vars in 1220 bytes} [Thu Mar 20 21:10:43 2025] GET /shop/product/all-filter/?name=%D0%9C%D0%B0%D1%81&min_price=&max_price= => generated 8479 bytes in 69 msecs (HTTP/1.1 200) 7 headers in 222 bytes (1 switches on core 0)
[pid: 9|app: 0|req: 4/19] 172.21.0.1 () {36 vars in 1099 bytes} [Thu Mar 20 21:10:43 2025] GET /image/2025/03/18/cover.webp => generated 0 bytes in 2 msecs (HTTP/1.1 304) 5 headers in 175 bytes (0 switches on core 0)
[pid: 7|app: 0|req: 4/20] 172.21.0.1 () {38 vars in 1220 bytes} [Thu Mar 20 21:10:44 2025] GET /shop/product/all-filter/?name=%D0%9C%D0%B0%D1%81&min_price=&max_price= => generated 8479 bytes in 55 msecs (HTTP/1.1 200) 7 headers in 222 bytes (1 switches on core 0)
[pid: 9|app: 0|req: 5/21] 172.21.0.1 () {36 vars in 1099 bytes} [Thu Mar 20 21:10:44 2025] GET /image/2025/03/18/cover.webp => generated 0 bytes in 1 msecs (HTTP/1.1 304) 5 headers in 175 bytes (0 switches on core 0)
[pid: 10|app: 0|req: 9/22] 172.21.0.1 () {36 vars in 1142 bytes} [Thu Mar 20 21:10:45 2025] GET /shop/product/details/1/ => generated 7906 bytes in 66 msecs (HTTP/1.1 200) 8 headers in 390 bytes (1 switches on core 0)
[pid: 10|app: 0|req: 10/23] 172.21.0.1 () {36 vars in 1052 bytes} [Thu Mar 20 21:10:45 2025] GET /image/2025/03/18/cover.webp => generated 0 bytes in 2 msecs (HTTP/1.1 304) 5 headers in 175 bytes (0 switches on core 0)
Not Found: /shop/admin
[pid: 9|app: 0|req: 6/24] 172.21.0.1 () {34 vars in 1010 bytes} [Thu Mar 20 21:11:16 2025] GET /shop/admin => generated 5583 bytes in 39 msecs (HTTP/1.1 404) 6 headers in 200 bytes (1 switches on core 0)
[pid: 9|app: 0|req: 7/25] 172.21.0.1 () {34 vars in 1002 bytes} [Thu Mar 20 21:11:20 2025] GET /admin/ => generated 14867 bytes in 112 msecs (HTTP/1.1 200) 9 headers in 335 bytes (1 switches on core 0)
[pid: 9|app: 0|req: 8/26] 172.21.0.1 () {36 vars in 1070 bytes} [Thu Mar 20 21:11:23 2025] GET /admin/shop/product/ => generated 15523 bytes in 71 msecs (HTTP/1.1 200) 10 headers in 503 bytes (1 switches on core 0)
[pid: 10|app: 0|req: 11/27] 172.21.0.1 () {34 vars in 904 bytes} [Thu Mar 20 21:11:24 2025] GET /admin/jsi18n/ => generated 15618 bytes in 24 msecs (HTTP/1.1 200) 7 headers in 231 bytes (1 switches on core 0)
[pid: 10|app: 0|req: 12/28] 172.21.0.1 () {36 vars in 1091 bytes} [Thu Mar 20 21:11:29 2025] GET /admin/shop/product/add/ => generated 17622 bytes in 90 msecs (HTTP/1.1 200) 10 headers in 503 bytes (1 switches on core 0)
[pid: 9|app: 0|req: 9/29] 172.21.0.1 () {34 vars in 908 bytes} [Thu Mar 20 21:11:29 2025] GET /admin/jsi18n/ => generated 15618 bytes in 13 msecs (HTTP/1.1 200) 7 headers in 231 bytes (1 switches on core 0)
[pid: 9|app: 0|req: 10/30] 172.21.0.1 () {36 vars in 1130 bytes} [Thu Mar 20 21:12:48 2025] GET /admin/shop/tag/add/?_to_field=id&_popup=1 => generated 3464 bytes in 75 msecs (HTTP/1.1 200) 10 headers in 502 bytes (1 switches on core 0)
[pid: 7|app: 0|req: 5/31] 172.21.0.1 () {34 vars in 926 bytes} [Thu Mar 20 21:12:49 2025] GET /admin/jsi18n/ => generated 15618 bytes in 46 msecs (HTTP/1.1 200) 7 headers in 231 bytes (1 switches on core 0)
[pid: 8|app: 0|req: 5/32] 172.21.0.1 () {44 vars in 1284 bytes} [Thu Mar 20 21:13:11 2025] POST /admin/shop/tag/add/?_to_field=id&_popup=1 => generated 403 bytes in 79 msecs (HTTP/1.1 200) 9 headers in 333 bytes (1 switches on core 0)
Not Found: /static/admin/js/popup_response.js
[pid: 7|app: 0|req: 6/33] 172.21.0.1 () {34 vars in 966 bytes} [Thu Mar 20 21:13:11 2025] GET /static/admin/js/popup_response.js => generated 2814 bytes in 6 msecs (HTTP/1.1 404) 6 headers in 200 bytes (1 switches on core 0)
[pid: 9|app: 0|req: 11/34] 172.21.0.1 () {36 vars in 1130 bytes} [Thu Mar 20 21:13:37 2025] GET /admin/shop/tag/add/?_to_field=id&_popup=1 => generated 3464 bytes in 91 msecs (HTTP/1.1 200) 10 headers in 502 bytes (1 switches on core 0)
[pid: 10|app: 0|req: 13/35] 172.21.0.1 () {34 vars in 926 bytes} [Thu Mar 20 21:13:37 2025] GET /admin/jsi18n/ => generated 15618 bytes in 24 msecs (HTTP/1.1 200) 7 headers in 231 bytes (1 switches on core 0)
[pid: 7|app: 0|req: 7/36] 172.21.0.1 () {44 vars in 1284 bytes} [Thu Mar 20 21:13:47 2025] POST /admin/shop/tag/add/?_to_field=id&_popup=1 => generated 3749 bytes in 96 msecs (HTTP/1.1 200) 10 headers in 502 bytes (1 switches on core 0)
[pid: 10|app: 0|req: 14/37] 172.21.0.1 () {34 vars in 926 bytes} [Thu Mar 20 21:13:47 2025] GET /admin/jsi18n/ => generated 15618 bytes in 8 msecs (HTTP/1.1 200) 7 headers in 231 bytes (1 switches on core 0)
[pid: 9|app: 0|req: 12/38] 172.21.0.1 () {36 vars in 1130 bytes} [Thu Mar 20 21:13:53 2025] GET /admin/shop/tag/add/?_to_field=id&_popup=1 => generated 3464 bytes in 96 msecs (HTTP/1.1 200) 10 headers in 502 bytes (1 switches on core 0)
[pid: 9|app: 0|req: 13/39] 172.21.0.1 () {38 vars in 1122 bytes} [Thu Mar 20 21:13:57 2025] GET /admin/shop/product/add/ => generated 17667 bytes in 66 msecs (HTTP/1.1 200) 10 headers in 503 bytes (1 switches on core 0)
[pid: 10|app: 0|req: 15/40] 172.21.0.1 () {34 vars in 908 bytes} [Thu Mar 20 21:13:58 2025] GET /admin/jsi18n/ => generated 15618 bytes in 25 msecs (HTTP/1.1 200) 7 headers in 231 bytes (1 switches on core 0)
[pid: 8|app: 0|req: 6/41] 172.21.0.1 () {44 vars in 1269 bytes} [Thu Mar 20 21:14:17 2025] POST /admin/shop/product/add/ => generated 0 bytes in 191 msecs (HTTP/1.1 302) 11 headers in 684 bytes (1 switches on core 0)
[pid: 9|app: 0|req: 14/42] 172.21.0.1 () {38 vars in 1391 bytes} [Thu Mar 20 21:14:17 2025] GET /admin/shop/product/ => generated 16329 bytes in 51 msecs (HTTP/1.1 200) 11 headers in 601 bytes (1 switches on core 0)
[pid: 8|app: 0|req: 7/43] 172.21.0.1 () {34 vars in 904 bytes} [Thu Mar 20 21:14:17 2025] GET /admin/jsi18n/ => generated 15618 bytes in 11 msecs (HTTP/1.1 200) 7 headers in 231 bytes (1 switches on core 0)
[pid: 10|app: 0|req: 16/44] 172.21.0.1 () {44 vars in 1219 bytes} [Thu Mar 20 21:14:21 2025] POST /admin/shop/product/ => generated 0 bytes in 61 msecs (HTTP/1.1 302) 10 headers in 366 bytes (1 switches on core 0)
[pid: 10|app: 0|req: 17/45] 172.21.0.1 () {38 vars in 1114 bytes} [Thu Mar 20 21:14:21 2025] GET /admin/shop/product/ => generated 16106 bytes in 32 msecs (HTTP/1.1 200) 10 headers in 503 bytes (1 switches on core 0)
[pid: 10|app: 0|req: 18/46] 172.21.0.1 () {34 vars in 904 bytes} [Thu Mar 20 21:14:21 2025] GET /admin/jsi18n/ => generated 15618 bytes in 10 msecs (HTTP/1.1 200) 7 headers in 231 bytes (1 switches on core 0)
[pid: 9|app: 0|req: 15/47] 172.21.0.1 () {36 vars in 1091 bytes} [Thu Mar 20 21:14:23 2025] GET /admin/shop/product/add/ => generated 17667 bytes in 59 msecs (HTTP/1.1 200) 10 headers in 503 bytes (1 switches on core 0)
[pid: 9|app: 0|req: 16/48] 172.21.0.1 () {34 vars in 908 bytes} [Thu Mar 20 21:14:23 2025] GET /admin/jsi18n/ => generated 15618 bytes in 14 msecs (HTTP/1.1 200) 7 headers in 231 bytes (1 switches on core 0)
[pid: 7|app: 0|req: 8/49] 172.21.0.1 () {36 vars in 1150 bytes} [Thu Mar 20 21:15:46 2025] GET /admin/shop/category/1/change/?_to_field=id&_popup=1 => generated 3551 bytes in 66 msecs (HTTP/1.1 200) 10 headers in 502 bytes (1 switches on core 0)
[pid: 7|app: 0|req: 9/50] 172.21.0.1 () {34 vars in 936 bytes} [Thu Mar 20 21:15:46 2025] GET /admin/jsi18n/ => generated 15618 bytes in 16 msecs (HTTP/1.1 200) 7 headers in 231 bytes (1 switches on core 0)
[pid: 10|app: 0|req: 19/51] 172.21.0.1 () {34 vars in 1002 bytes} [Thu Mar 20 21:15:58 2025] GET /admin/ => generated 15455 bytes in 52 msecs (HTTP/1.1 200) 9 headers in 335 bytes (1 switches on core 0)
[pid: 9|app: 0|req: 17/52] 172.21.0.1 () {36 vars in 1070 bytes} [Thu Mar 20 21:16:03 2025] GET /admin/shop/product/ => generated 16106 bytes in 93 msecs (HTTP/1.1 200) 10 headers in 503 bytes (1 switches on core 0)
[pid: 9|app: 0|req: 18/53] 172.21.0.1 () {34 vars in 904 bytes} [Thu Mar 20 21:16:03 2025] GET /admin/jsi18n/ => generated 15618 bytes in 13 msecs (HTTP/1.1 200) 7 headers in 231 bytes (1 switches on core 0)
[pid: 8|app: 0|req: 8/54] 172.21.0.1 () {36 vars in 1085 bytes} [Thu Mar 20 21:16:09 2025] GET /admin/shop/category/ => generated 13907 bytes in 87 msecs (HTTP/1.1 200) 10 headers in 503 bytes (1 switches on core 0)
[pid: 7|app: 0|req: 10/55] 172.21.0.1 () {34 vars in 905 bytes} [Thu Mar 20 21:16:09 2025] GET /admin/jsi18n/ => generated 15618 bytes in 19 msecs (HTTP/1.1 200) 7 headers in 231 bytes (1 switches on core 0)
[pid: 9|app: 0|req: 19/56] 172.21.0.1 () {36 vars in 1094 bytes} [Thu Mar 20 21:16:15 2025] GET /admin/shop/category/add/ => generated 13672 bytes in 55 msecs (HTTP/1.1 200) 10 headers in 503 bytes (1 switches on core 0)
[pid: 9|app: 0|req: 20/57] 172.21.0.1 () {34 vars in 909 bytes} [Thu Mar 20 21:16:15 2025] GET /admin/jsi18n/ => generated 15618 bytes in 13 msecs (HTTP/1.1 200) 7 headers in 231 bytes (1 switches on core 0)
[pid: 8|app: 0|req: 9/58] 172.21.0.1 () {44 vars in 1234 bytes} [Thu Mar 20 21:16:22 2025] POST /admin/shop/category/add/ => generated 0 bytes in 45 msecs (HTTP/1.1 302) 11 headers in 689 bytes (1 switches on core 0)
[pid: 9|app: 0|req: 21/59] 172.21.0.1 () {38 vars in 1398 bytes} [Thu Mar 20 21:16:22 2025] GET /admin/shop/category/ => generated 14393 bytes in 32 msecs (HTTP/1.1 200) 11 headers in 601 bytes (1 switches on core 0)
[pid: 10|app: 0|req: 20/60] 172.21.0.1 () {34 vars in 905 bytes} [Thu Mar 20 21:16:22 2025] GET /admin/jsi18n/ => generated 15618 bytes in 12 msecs (HTTP/1.1 200) 7 headers in 231 bytes (1 switches on core 0)
[pid: 10|app: 0|req: 21/61] 172.21.0.1 () {38 vars in 1122 bytes} [Thu Mar 20 21:16:32 2025] GET /admin/shop/product/add/ => generated 17712 bytes in 72 msecs (HTTP/1.1 200) 10 headers in 503 bytes (1 switches on core 0)
[pid: 9|app: 0|req: 22/62] 172.21.0.1 () {34 vars in 908 bytes} [Thu Mar 20 21:16:32 2025] GET /admin/jsi18n/ => generated 15618 bytes in 28 msecs (HTTP/1.1 200) 7 headers in 231 bytes (1 switches on core 0)
[pid: 10|app: 0|req: 22/63] 172.21.0.1 () {44 vars in 1267 bytes} [Thu Mar 20 21:16:47 2025] POST /admin/shop/product/add/ => generated 0 bytes in 57 msecs (HTTP/1.1 302) 11 headers in 684 bytes (1 switches on core 0)
[pid: 9|app: 0|req: 23/64] 172.21.0.1 () {38 vars in 1391 bytes} [Thu Mar 20 21:16:47 2025] GET /admin/shop/product/ => generated 16910 bytes in 48 msecs (HTTP/1.1 200) 11 headers in 601 bytes (1 switches on core 0)
[pid: 10|app: 0|req: 23/65] 172.21.0.1 () {34 vars in 904 bytes} [Thu Mar 20 21:16:47 2025] GET /admin/jsi18n/ => generated 15618 bytes in 8 msecs (HTTP/1.1 200) 7 headers in 231 bytes (1 switches on core 0)
[pid: 9|app: 0|req: 24/66] 172.21.0.1 () {44 vars in 1219 bytes} [Thu Mar 20 21:16:49 2025] POST /admin/shop/product/ => generated 0 bytes in 35 msecs (HTTP/1.1 302) 10 headers in 366 bytes (1 switches on core 0)
[pid: 8|app: 0|req: 10/67] 172.21.0.1 () {38 vars in 1114 bytes} [Thu Mar 20 21:16:49 2025] GET /admin/shop/product/ => generated 16687 bytes in 60 msecs (HTTP/1.1 200) 10 headers in 503 bytes (1 switches on core 0)
[pid: 7|app: 0|req: 11/68] 172.21.0.1 () {34 vars in 904 bytes} [Thu Mar 20 21:16:49 2025] GET /admin/jsi18n/ => generated 15618 bytes in 20 msecs (HTTP/1.1 200) 7 headers in 231 bytes (1 switches on core 0)
[pid: 10|app: 0|req: 24/69] 172.21.0.1 () {36 vars in 1091 bytes} [Thu Mar 20 21:16:51 2025] GET /admin/shop/product/add/ => generated 17712 bytes in 61 msecs (HTTP/1.1 200) 10 headers in 503 bytes (1 switches on core 0)
[pid: 10|app: 0|req: 25/70] 172.21.0.1 () {34 vars in 908 bytes} [Thu Mar 20 21:16:51 2025] GET /admin/jsi18n/ => generated 15618 bytes in 10 msecs (HTTP/1.1 200) 7 headers in 231 bytes (1 switches on core 0)
[pid: 9|app: 0|req: 25/71] 172.21.0.1 () {36 vars in 1094 bytes} [Thu Mar 20 21:19:37 2025] GET /admin/shop/category/add/ => generated 13672 bytes in 91 msecs (HTTP/1.1 200) 10 headers in 503 bytes (1 switches on core 0)
[pid: 10|app: 0|req: 26/72] 172.21.0.1 () {34 vars in 909 bytes} [Thu Mar 20 21:19:38 2025] GET /admin/jsi18n/ => generated 15618 bytes in 25 msecs (HTTP/1.1 200) 7 headers in 231 bytes (1 switches on core 0)
[pid: 10|app: 0|req: 27/73] 172.21.0.1 () {44 vars in 1234 bytes} [Thu Mar 20 21:19:52 2025] POST /admin/shop/category/add/ => generated 0 bytes in 45 msecs (HTTP/1.1 302) 11 headers in 701 bytes (1 switches on core 0)
[pid: 10|app: 0|req: 28/74] 172.21.0.1 () {38 vars in 1410 bytes} [Thu Mar 20 21:19:52 2025] GET /admin/shop/category/ => generated 14698 bytes in 33 msecs (HTTP/1.1 200) 11 headers in 601 bytes (1 switches on core 0)
[pid: 7|app: 0|req: 12/75] 172.21.0.1 () {34 vars in 905 bytes} [Thu Mar 20 21:19:52 2025] GET /admin/jsi18n/ => generated 15618 bytes in 18 msecs (HTTP/1.1 200) 7 headers in 231 bytes (1 switches on core 0)
[pid: 8|app: 0|req: 11/76] 172.21.0.1 () {38 vars in 1122 bytes} [Thu Mar 20 21:19:58 2025] GET /admin/shop/product/add/ => generated 17769 bytes in 81 msecs (HTTP/1.1 200) 10 headers in 503 bytes (1 switches on core 0)
[pid: 10|app: 0|req: 29/77] 172.21.0.1 () {34 vars in 908 bytes} [Thu Mar 20 21:19:58 2025] GET /admin/jsi18n/ => generated 15618 bytes in 12 msecs (HTTP/1.1 200) 7 headers in 231 bytes (1 switches on core 0)
[pid: 8|app: 0|req: 12/78] 172.21.0.1 () {44 vars in 1267 bytes} [Thu Mar 20 21:20:21 2025] POST /admin/shop/product/add/ => generated 0 bytes in 68 msecs (HTTP/1.1 302) 11 headers in 706 bytes (1 switches on core 0)
[pid: 10|app: 0|req: 30/79] 172.21.0.1 () {38 vars in 1413 bytes} [Thu Mar 20 21:20:21 2025] GET /admin/shop/product/ => generated 17557 bytes in 51 msecs (HTTP/1.1 200) 11 headers in 601 bytes (1 switches on core 0)
[pid: 8|app: 0|req: 13/80] 172.21.0.1 () {34 vars in 904 bytes} [Thu Mar 20 21:20:21 2025] GET /admin/jsi18n/ => generated 15618 bytes in 12 msecs (HTTP/1.1 200) 7 headers in 231 bytes (1 switches on core 0)
[pid: 7|app: 0|req: 13/81] 172.21.0.1 () {34 vars in 1038 bytes} [Thu Mar 20 21:20:29 2025] GET /shop/product/all-filter/ => generated 10225 bytes in 45 msecs (HTTP/1.1 200) 7 headers in 223 bytes (1 switches on core 0)
[pid: 8|app: 0|req: 14/82] 172.21.0.1 () {36 vars in 1053 bytes} [Thu Mar 20 21:20:29 2025] GET /image/2025/03/18/cover.webp => generated 0 bytes in 3 msecs (HTTP/1.1 304) 5 headers in 175 bytes (0 switches on core 0)
[pid: 10|app: 0|req: 31/83] 172.21.0.1 () {34 vars in 1002 bytes} [Thu Mar 20 21:20:29 2025] GET /image/2025/03/20/69495367.jpg => generated 377810 bytes in 16 msecs via sendfile() (HTTP/1.1 200) 8 headers in 296 bytes (0 switches on core 0)
Not Found: /static/shop/images/no_photo.jpg
[pid: 10|app: 0|req: 32/84] 172.21.0.1 () {34 vars in 1006 bytes} [Thu Mar 20 21:20:29 2025] GET /static/shop/images/no_photo.jpg => generated 2806 bytes in 9 msecs (HTTP/1.1 404) 6 headers in 200 bytes (1 switches on core 0)
[pid: 9|app: 0|req: 26/85] 172.21.0.1 () {36 vars in 1069 bytes} [Thu Mar 20 21:20:32 2025] GET /shop/product/all-filter/ => generated 7862 bytes in 63 msecs (HTTP/1.1 200) 7 headers in 222 bytes (1 switches on core 0)
[pid: 9|app: 0|req: 27/86] 172.21.0.1 () {36 vars in 1069 bytes} [Thu Mar 20 21:20:35 2025] GET /shop/product/all-filter/ => generated 7862 bytes in 41 msecs (HTTP/1.1 200) 7 headers in 222 bytes (1 switches on core 0)
[pid: 7|app: 0|req: 14/87] 172.21.0.1 () {36 vars in 1069 bytes} [Thu Mar 20 21:20:36 2025] GET /shop/product/all-filter/ => generated 10225 bytes in 39 msecs (HTTP/1.1 200) 7 headers in 223 bytes (1 switches on core 0)
[pid: 9|app: 0|req: 28/88] 172.21.0.1 () {36 vars in 1053 bytes} [Thu Mar 20 21:20:36 2025] GET /image/2025/03/18/cover.webp => generated 0 bytes in 2 msecs (HTTP/1.1 304) 5 headers in 175 bytes (0 switches on core 0)
Not Found: /static/shop/images/no_photo.jpg
[pid: 10|app: 0|req: 33/89] 172.21.0.1 () {34 vars in 1006 bytes} [Thu Mar 20 21:20:36 2025] GET /static/shop/images/no_photo.jpg => generated 2806 bytes in 5 msecs (HTTP/1.1 404) 6 headers in 200 bytes (1 switches on core 0)
Not Found: /static/shop/images/no_photo.jpg
[pid: 10|app: 0|req: 34/90] 172.21.0.1 () {34 vars in 1006 bytes} [Thu Mar 20 21:20:36 2025] GET /static/shop/images/no_photo.jpg => generated 2806 bytes in 3 msecs (HTTP/1.1 404) 6 headers in 200 bytes (1 switches on core 0)
[pid: 10|app: 0|req: 35/91] 172.21.0.1 () {36 vars in 1096 bytes} [Thu Mar 20 21:20:38 2025] GET /shop/product/details/3/ => generated 7141 bytes in 44 msecs (HTTP/1.1 200) 8 headers in 390 bytes (1 switches on core 0)
Not Found: /static/shop/images/no_photo.jpg
[pid: 10|app: 0|req: 36/92] 172.21.0.1 () {34 vars in 1005 bytes} [Thu Mar 20 21:20:38 2025] GET /static/shop/images/no_photo.jpg => generated 2806 bytes in 4 msecs (HTTP/1.1 404) 6 headers in 200 bytes (1 switches on core 0)
[pid: 8|app: 0|req: 15/93] 172.21.0.1 () {36 vars in 1101 bytes} [Thu Mar 20 21:20:46 2025] GET /admin/shop/product/3/change/ => generated 18886 bytes in 77 msecs (HTTP/1.1 200) 10 headers in 503 bytes (1 switches on core 0)
[pid: 10|app: 0|req: 37/94] 172.21.0.1 () {34 vars in 913 bytes} [Thu Mar 20 21:20:46 2025] GET /admin/jsi18n/ => generated 15618 bytes in 8 msecs (HTTP/1.1 200) 7 headers in 231 bytes (1 switches on core 0)
[pid: 10|app: 0|req: 38/95] 172.21.0.1 () {36 vars in 1087 bytes} [Thu Mar 20 21:21:24 2025] GET /admin/shop/product/ => generated 17301 bytes in 98 msecs (HTTP/1.1 200) 10 headers in 503 bytes (1 switches on core 0)
[pid: 10|app: 0|req: 39/96] 172.21.0.1 () {36 vars in 1101 bytes} [Thu Mar 20 21:21:26 2025] GET /admin/shop/product/4/change/ => generated 19051 bytes in 65 msecs (HTTP/1.1 200) 10 headers in 503 bytes (1 switches on core 0)
[pid: 9|app: 0|req: 29/97] 172.21.0.1 () {34 vars in 913 bytes} [Thu Mar 20 21:21:26 2025] GET /admin/jsi18n/ => generated 15618 bytes in 25 msecs (HTTP/1.1 200) 7 headers in 231 bytes (1 switches on core 0)
[pid: 10|app: 0|req: 40/98] 172.21.0.1 () {44 vars in 1284 bytes} [Thu Mar 20 21:21:34 2025] POST /admin/shop/product/4/change/ => generated 0 bytes in 125 msecs (HTTP/1.1 302) 11 headers in 709 bytes (7 switches on core 0)
[pid: 7|app: 0|req: 15/99] 172.21.0.1 () {38 vars in 1421 bytes} [Thu Mar 20 21:21:34 2025] GET /admin/shop/product/ => generated 17559 bytes in 43 msecs (HTTP/1.1 200) 11 headers in 601 bytes (1 switches on core 0)
[pid: 10|app: 0|req: 41/100] 172.21.0.1 () {34 vars in 904 bytes} [Thu Mar 20 21:21:34 2025] GET /admin/jsi18n/ => generated 15618 bytes in 7 msecs (HTTP/1.1 200) 7 headers in 231 bytes (1 switches on core 0)
[pid: 9|app: 0|req: 30/101] 172.21.0.1 () {36 vars in 1069 bytes} [Thu Mar 20 21:21:38 2025] GET /shop/product/all-filter/ => generated 7862 bytes in 49 msecs (HTTP/1.1 200) 7 headers in 222 bytes (1 switches on core 0)
[pid: 9|app: 0|req: 31/102] 172.21.0.1 () {36 vars in 1069 bytes} [Thu Mar 20 21:21:41 2025] GET /shop/product/all-filter/ => generated 7862 bytes in 42 msecs (HTTP/1.1 200) 7 headers in 222 bytes (1 switches on core 0)
[pid: 10|app: 0|req: 42/103] 172.21.0.1 () {36 vars in 1069 bytes} [Thu Mar 20 21:21:42 2025] GET /shop/product/all-filter/ => generated 10252 bytes in 41 msecs (HTTP/1.1 200) 7 headers in 223 bytes (1 switches on core 0)
[pid: 9|app: 0|req: 32/104] 172.21.0.1 () {36 vars in 1053 bytes} [Thu Mar 20 21:21:42 2025] GET /image/2025/03/18/cover.webp => generated 0 bytes in 2 msecs (HTTP/1.1 304) 5 headers in 175 bytes (0 switches on core 0)
[pid: 10|app: 0|req: 43/105] 172.21.0.1 () {36 vars in 1057 bytes} [Thu Mar 20 21:21:42 2025] GET /image/2025/03/20/69495367.jpg => generated 0 bytes in 1 msecs (HTTP/1.1 304) 5 headers in 175 bytes (0 switches on core 0)
Not Found: /static/shop/images/no_photo.jpg
[pid: 7|app: 0|req: 16/106] 172.21.0.1 () {34 vars in 1006 bytes} [Thu Mar 20 21:21:42 2025] GET /static/shop/images/no_photo.jpg => generated 2806 bytes in 4 msecs (HTTP/1.1 404) 6 headers in 200 bytes (1 switches on core 0)
[pid: 9|app: 0|req: 33/107] 172.21.0.1 () {34 vars in 990 bytes} [Thu Mar 20 21:21:42 2025] GET /image/2025/03/20/1.webp => generated 303784 bytes in 6 msecs via sendfile() (HTTP/1.1 200) 8 headers in 290 bytes (0 switches on core 0)
[pid: 7|app: 0|req: 17/108] 172.21.0.1 () {36 vars in 1096 bytes} [Thu Mar 20 21:21:48 2025] GET /shop/product/details/1/ => generated 7906 bytes in 69 msecs (HTTP/1.1 200) 8 headers in 390 bytes (1 switches on core 0)
[pid: 10|app: 0|req: 44/109] 172.21.0.1 () {36 vars in 1052 bytes} [Thu Mar 20 21:21:48 2025] GET /image/2025/03/18/cover.webp => generated 0 bytes in 6 msecs (HTTP/1.1 304) 5 headers in 175 bytes (0 switches on core 0)
[pid: 9|app: 0|req: 34/110] 172.21.0.1 () {36 vars in 1097 bytes} [Thu Mar 20 21:21:50 2025] GET /shop/product/all-filter/ => generated 7862 bytes in 66 msecs (HTTP/1.1 200) 7 headers in 222 bytes (1 switches on core 0)
[pid: 9|app: 0|req: 35/111] 172.21.0.1 () {36 vars in 1098 bytes} [Thu Mar 20 21:21:51 2025] GET /shop/product/all-filter/ => generated 7862 bytes in 38 msecs (HTTP/1.1 200) 7 headers in 222 bytes (1 switches on core 0)
[pid: 10|app: 0|req: 45/112] 172.21.0.1 () {36 vars in 1098 bytes} [Thu Mar 20 21:21:52 2025] GET /shop/product/all-filter/ => generated 10252 bytes in 56 msecs (HTTP/1.1 200) 7 headers in 223 bytes (1 switches on core 0)
[pid: 10|app: 0|req: 46/113] 172.21.0.1 () {36 vars in 1053 bytes} [Thu Mar 20 21:21:52 2025] GET /image/2025/03/18/cover.webp => generated 0 bytes in 1 msecs (HTTP/1.1 304) 5 headers in 175 bytes (0 switches on core 0)
Not Found: /static/shop/images/no_photo.jpg
[pid: 9|app: 0|req: 36/114] 172.21.0.1 () {34 vars in 1006 bytes} [Thu Mar 20 21:21:52 2025] GET /static/shop/images/no_photo.jpg => generated 2806 bytes in 4 msecs (HTTP/1.1 404) 6 headers in 200 bytes (1 switches on core 0)
[pid: 10|app: 0|req: 47/115] 172.21.0.1 () {36 vars in 1045 bytes} [Thu Mar 20 21:21:52 2025] GET /image/2025/03/20/1.webp => generated 0 bytes in 0 msecs (HTTP/1.1 304) 5 headers in 175 bytes (0 switches on core 0)
[pid: 10|app: 0|req: 48/116] 172.21.0.1 () {36 vars in 1098 bytes} [Thu Mar 20 21:21:53 2025] GET /shop/product/all-filter/ => generated 10252 bytes in 40 msecs (HTTP/1.1 200) 7 headers in 223 bytes (1 switches on core 0)
[pid: 9|app: 0|req: 37/117] 172.21.0.1 () {36 vars in 1053 bytes} [Thu Mar 20 21:21:53 2025] GET /image/2025/03/18/cover.webp => generated 0 bytes in 1 msecs (HTTP/1.1 304) 5 headers in 175 bytes (0 switches on core 0)
Not Found: /static/shop/images/no_photo.jpg
[pid: 10|app: 0|req: 49/118] 172.21.0.1 () {34 vars in 1006 bytes} [Thu Mar 20 21:21:53 2025] GET /static/shop/images/no_photo.jpg => generated 2806 bytes in 6 msecs (HTTP/1.1 404) 6 headers in 200 bytes (1 switches on core 0)
[pid: 9|app: 0|req: 38/119] 172.21.0.1 () {36 vars in 1098 bytes} [Thu Mar 20 21:21:54 2025] GET /shop/product/all-filter/ => generated 7862 bytes in 41 msecs (HTTP/1.1 200) 7 headers in 222 bytes (1 switches on core 0)
[pid: 10|app: 0|req: 50/120] 172.21.0.1 () {36 vars in 1098 bytes} [Thu Mar 20 21:21:54 2025] GET /shop/product/all-filter/ => generated 10252 bytes in 33 msecs (HTTP/1.1 200) 7 headers in 223 bytes (1 switches on core 0)
[pid: 9|app: 0|req: 39/121] 172.21.0.1 () {36 vars in 1053 bytes} [Thu Mar 20 21:21:54 2025] GET /image/2025/03/18/cover.webp => generated 0 bytes in 1 msecs (HTTP/1.1 304) 5 headers in 175 bytes (0 switches on core 0)
Not Found: /static/shop/images/no_photo.jpg
[pid: 8|app: 0|req: 16/122] 172.21.0.1 () {34 vars in 1006 bytes} [Thu Mar 20 21:21:54 2025] GET /static/shop/images/no_photo.jpg => generated 2806 bytes in 18 msecs (HTTP/1.1 404) 6 headers in 200 bytes (1 switches on core 0)
[pid: 10|app: 0|req: 51/123] 172.21.0.1 () {36 vars in 1045 bytes} [Thu Mar 20 21:21:55 2025] GET /image/2025/03/20/1.webp => generated 0 bytes in 0 msecs (HTTP/1.1 304) 5 headers in 175 bytes (0 switches on core 0)
SIGINT/SIGTERM received...killing workers...
worker 1 buried after 1 seconds
worker 2 buried after 1 seconds
worker 3 buried after 1 seconds
worker 4 buried after 1 seconds
goodbye to uWSGI.
*** Starting uWSGI 2.0.21 (64bit) on [Thu Mar 20 18:22:42 2025] ***
compiled with version: 12.2.0 on 20 March 2025 12:32:40
os: Linux-5.15.49-linuxkit-pr #1 SMP PREEMPT Thu May 25 07:27:39 UTC 2023
nodename: ae161a982c57
machine: aarch64
clock source: unix
detected number of CPU cores: 4
current working directory: /code
detected binary path: /usr/local/bin/uwsgi
!!! no internal routing support, rebuild with pcre support !!!
uWSGI running as root, you can use --uid/--gid/--chroot options
*** WARNING: you are running uWSGI as root !!! (use the --uid flag) *** 
chdir() to /code
your memory page size is 4096 bytes
detected max file descriptor number: 1048576
lock engine: pthread robust mutexes
thunder lock: disabled (you can enable it with --thunder-lock)
uwsgi socket 0 bound to TCP address :8000 fd 3
uWSGI running as root, you can use --uid/--gid/--chroot options
*** WARNING: you are running uWSGI as root !!! (use the --uid flag) *** 
Python version: 3.11.4 (main, Aug 16 2023, 07:34:21) [GCC 12.2.0]
*** Python threads support is disabled. You can enable it with --enable-threads ***
Python main interpreter initialized at 0xffff9df82940
uWSGI running as root, you can use --uid/--gid/--chroot options
*** WARNING: you are running uWSGI as root !!! (use the --uid flag) *** 
your server socket listen backlog is limited to 100 connections
your mercy for graceful operations on workers is 60 seconds
mapped 364600 bytes (356 KB) for 4 cores
*** Operational MODE: preforking ***
WSGI app 0 (mountpoint='') ready in 1 seconds on interpreter 0xffff9df82940 pid: 1 (default app)
uWSGI running as root, you can use --uid/--gid/--chroot options
*** WARNING: you are running uWSGI as root !!! (use the --uid flag) *** 
*** uWSGI is running in multiple interpreter mode ***
spawned uWSGI master process (pid: 1)
spawned uWSGI worker 1 (pid: 7, cores: 1)
spawned uWSGI worker 2 (pid: 8, cores: 1)
spawned uWSGI worker 3 (pid: 9, cores: 1)
spawned uWSGI worker 4 (pid: 10, cores: 1)
[pid: 9|app: 0|req: 1/1] 172.21.0.1 () {38 vars in 1129 bytes} [Thu Mar 20 21:22:46 2025] GET /shop/product/all-filter/ => generated 10252 bytes in 573 msecs (HTTP/1.1 200) 7 headers in 223 bytes (1 switches on core 0)
[pid: 9|app: 0|req: 2/2] 172.21.0.1 () {36 vars in 1057 bytes} [Thu Mar 20 21:22:47 2025] GET /image/2025/03/20/69495367.jpg => generated 0 bytes in 3 msecs (HTTP/1.1 304) 5 headers in 175 bytes (0 switches on core 0)
[pid: 8|app: 0|req: 1/3] 172.21.0.1 () {36 vars in 1053 bytes} [Thu Mar 20 21:22:47 2025] GET /image/2025/03/18/cover.webp => generated 0 bytes in 220 msecs (HTTP/1.1 304) 5 headers in 175 bytes (0 switches on core 0)
[pid: 10|app: 0|req: 1/4] 172.21.0.1 () {36 vars in 1045 bytes} [Thu Mar 20 21:22:47 2025] GET /image/2025/03/20/1.webp => generated 0 bytes in 233 msecs (HTTP/1.1 304) 5 headers in 175 bytes (0 switches on core 0)
Not Found: /static/shop/images/no_photo.jpg
[pid: 7|app: 0|req: 1/5] 172.21.0.1 () {34 vars in 1006 bytes} [Thu Mar 20 21:22:47 2025] GET /static/shop/images/no_photo.jpg => generated 2806 bytes in 264 msecs (HTTP/1.1 404) 6 headers in 200 bytes (1 switches on core 0)
[pid: 10|app: 0|req: 2/6] 172.21.0.1 () {36 vars in 1096 bytes} [Thu Mar 20 21:22:50 2025] GET /shop/product/details/3/ => generated 7141 bytes in 111 msecs (HTTP/1.1 200) 8 headers in 390 bytes (1 switches on core 0)
Not Found: /static/shop/images/no_photo.jpg
[pid: 10|app: 0|req: 3/7] 172.21.0.1 () {34 vars in 1005 bytes} [Thu Mar 20 21:22:50 2025] GET /static/shop/images/no_photo.jpg => generated 2806 bytes in 6 msecs (HTTP/1.1 404) 6 headers in 200 bytes (1 switches on core 0)
[pid: 8|app: 0|req: 2/8] 172.21.0.1 () {36 vars in 1101 bytes} [Thu Mar 20 21:22:54 2025] GET /admin/shop/product/3/change/ => generated 18886 bytes in 232 msecs (HTTP/1.1 200) 10 headers in 503 bytes (1 switches on core 0)
[pid: 8|app: 0|req: 3/9] 172.21.0.1 () {34 vars in 913 bytes} [Thu Mar 20 21:22:54 2025] GET /admin/jsi18n/ => generated 15618 bytes in 27 msecs (HTTP/1.1 200) 7 headers in 231 bytes (1 switches on core 0)
[pid: 9|app: 0|req: 3/10] 172.21.0.1 () {44 vars in 1283 bytes} [Thu Mar 20 21:23:40 2025] POST /admin/shop/product/3/change/ => generated 0 bytes in 268 msecs (HTTP/1.1 302) 11 headers in 684 bytes (1 switches on core 0)
[pid: 10|app: 0|req: 4/11] 172.21.0.1 () {38 vars in 1396 bytes} [Thu Mar 20 21:23:40 2025] GET /admin/shop/product/ => generated 17526 bytes in 113 msecs (HTTP/1.1 200) 11 headers in 601 bytes (1 switches on core 0)
[pid: 9|app: 0|req: 4/12] 172.21.0.1 () {34 vars in 904 bytes} [Thu Mar 20 21:23:40 2025] GET /admin/jsi18n/ => generated 15618 bytes in 12 msecs (HTTP/1.1 200) 7 headers in 231 bytes (1 switches on core 0)
[pid: 10|app: 0|req: 5/13] 172.21.0.1 () {38 vars in 1127 bytes} [Thu Mar 20 21:24:00 2025] GET /shop/product/details/3/ => generated 7144 bytes in 52 msecs (HTTP/1.1 200) 8 headers in 390 bytes (1 switches on core 0)
[pid: 7|app: 0|req: 2/14] 172.21.0.1 () {34 vars in 1007 bytes} [Thu Mar 20 21:24:00 2025] GET /image/2025/03/20/gore-ot-uma.jpg => generated 37847 bytes in 22 msecs via sendfile() (HTTP/1.1 200) 8 headers in 298 bytes (0 switches on core 0)
[pid: 9|app: 0|req: 5/15] 172.21.0.1 () {38 vars in 1129 bytes} [Thu Mar 20 21:24:04 2025] GET /shop/product/all-filter/ => generated 10255 bytes in 62 msecs (HTTP/1.1 200) 7 headers in 223 bytes (1 switches on core 0)
[pid: 9|app: 0|req: 6/16] 172.21.0.1 () {36 vars in 1053 bytes} [Thu Mar 20 21:24:04 2025] GET /image/2025/03/18/cover.webp => generated 0 bytes in 1 msecs (HTTP/1.1 304) 5 headers in 175 bytes (0 switches on core 0)
[pid: 10|app: 0|req: 6/17] 172.21.0.1 () {36 vars in 1057 bytes} [Thu Mar 20 21:24:04 2025] GET /image/2025/03/20/69495367.jpg => generated 0 bytes in 3 msecs (HTTP/1.1 304) 5 headers in 175 bytes (0 switches on core 0)
[pid: 9|app: 0|req: 7/19] 172.21.0.1 () {36 vars in 1063 bytes} [Thu Mar 20 21:24:04 2025] GET /image/2025/03/20/gore-ot-uma.jpg => generated 0 bytes in 0 msecs (HTTP/1.1 304) 5 headers in 175 bytes (0 switches on core 0)
[pid: 10|app: 0|req: 7/19] 172.21.0.1 () {36 vars in 1045 bytes} [Thu Mar 20 21:24:04 2025] GET /image/2025/03/20/1.webp => generated 0 bytes in 0 msecs (HTTP/1.1 304) 5 headers in 175 bytes (0 switches on core 0)
[pid: 10|app: 0|req: 8/20] 172.21.0.1 () {38 vars in 1129 bytes} [Thu Mar 20 21:24:06 2025] GET /shop/product/all-filter/ => generated 10255 bytes in 42 msecs (HTTP/1.1 200) 7 headers in 223 bytes (1 switches on core 0)
[pid: 9|app: 0|req: 8/21] 172.21.0.1 () {36 vars in 1053 bytes} [Thu Mar 20 21:24:06 2025] GET /image/2025/03/18/cover.webp => generated 0 bytes in 1 msecs (HTTP/1.1 304) 5 headers in 175 bytes (0 switches on core 0)
[pid: 8|app: 0|req: 4/22] 172.21.0.1 () {36 vars in 1063 bytes} [Thu Mar 20 21:24:06 2025] GET /image/2025/03/20/gore-ot-uma.jpg => generated 0 bytes in 20 msecs (HTTP/1.1 304) 5 headers in 175 bytes (0 switches on core 0)
[pid: 7|app: 0|req: 3/23] 172.21.0.1 () {38 vars in 1129 bytes} [Thu Mar 20 21:24:07 2025] GET /shop/product/all-filter/ => generated 10255 bytes in 92 msecs (HTTP/1.1 200) 7 headers in 223 bytes (1 switches on core 0)
[pid: 9|app: 0|req: 9/24] 172.21.0.1 () {36 vars in 1053 bytes} [Thu Mar 20 21:24:07 2025] GET /image/2025/03/18/cover.webp => generated 0 bytes in 0 msecs (HTTP/1.1 304) 5 headers in 175 bytes (0 switches on core 0)
[pid: 8|app: 0|req: 5/25] 172.21.0.1 () {38 vars in 1129 bytes} [Thu Mar 20 21:24:07 2025] GET /shop/product/all-filter/ => generated 10255 bytes in 51 msecs (HTTP/1.1 200) 7 headers in 223 bytes (1 switches on core 0)
[pid: 10|app: 0|req: 9/26] 172.21.0.1 () {36 vars in 1053 bytes} [Thu Mar 20 21:24:07 2025] GET /image/2025/03/18/cover.webp => generated 0 bytes in 0 msecs (HTTP/1.1 304) 5 headers in 175 bytes (0 switches on core 0)
[pid: 10|app: 0|req: 10/27] 172.21.0.1 () {38 vars in 1129 bytes} [Thu Mar 20 21:24:08 2025] GET /shop/product/all-filter/ => generated 10255 bytes in 28 msecs (HTTP/1.1 200) 7 headers in 223 bytes (1 switches on core 0)
[pid: 10|app: 0|req: 11/28] 172.21.0.1 () {36 vars in 1053 bytes} [Thu Mar 20 21:24:08 2025] GET /image/2025/03/18/cover.webp => generated 0 bytes in 0 msecs (HTTP/1.1 304) 5 headers in 175 bytes (0 switches on core 0)
[pid: 9|app: 0|req: 10/29] 172.21.0.1 () {38 vars in 1129 bytes} [Thu Mar 20 21:24:08 2025] GET /shop/product/all-filter/ => generated 10255 bytes in 28 msecs (HTTP/1.1 200) 7 headers in 223 bytes (1 switches on core 0)
[pid: 7|app: 0|req: 4/30] 172.21.0.1 () {36 vars in 1053 bytes} [Thu Mar 20 21:24:08 2025] GET /image/2025/03/18/cover.webp => generated 0 bytes in 0 msecs (HTTP/1.1 304) 5 headers in 175 bytes (0 switches on core 0)
[pid: 9|app: 0|req: 11/31] 172.21.0.1 () {38 vars in 1129 bytes} [Thu Mar 20 21:24:08 2025] GET /shop/product/all-filter/ => generated 10255 bytes in 33 msecs (HTTP/1.1 200) 7 headers in 223 bytes (1 switches on core 0)
[pid: 10|app: 0|req: 12/32] 172.21.0.1 () {36 vars in 1053 bytes} [Thu Mar 20 21:24:08 2025] GET /image/2025/03/18/cover.webp => generated 0 bytes in 0 msecs (HTTP/1.1 304) 5 headers in 175 bytes (0 switches on core 0)
[pid: 10|app: 0|req: 13/33] 172.21.0.1 () {38 vars in 1129 bytes} [Thu Mar 20 21:24:08 2025] GET /shop/product/all-filter/ => generated 10255 bytes in 29 msecs (HTTP/1.1 200) 7 headers in 223 bytes (1 switches on core 0)
[pid: 10|app: 0|req: 14/34] 172.21.0.1 () {36 vars in 1053 bytes} [Thu Mar 20 21:24:08 2025] GET /image/2025/03/18/cover.webp => generated 0 bytes in 0 msecs (HTTP/1.1 304) 5 headers in 175 bytes (0 switches on core 0)
[pid: 10|app: 0|req: 15/35] 172.21.0.1 () {38 vars in 1129 bytes} [Thu Mar 20 21:24:09 2025] GET /shop/product/all-filter/ => generated 10255 bytes in 31 msecs (HTTP/1.1 200) 7 headers in 223 bytes (1 switches on core 0)
[pid: 9|app: 0|req: 12/36] 172.21.0.1 () {36 vars in 1053 bytes} [Thu Mar 20 21:24:09 2025] GET /image/2025/03/18/cover.webp => generated 0 bytes in 0 msecs (HTTP/1.1 304) 5 headers in 175 bytes (0 switches on core 0)
[pid: 10|app: 0|req: 16/37] 172.21.0.1 () {38 vars in 1129 bytes} [Thu Mar 20 21:24:09 2025] GET /shop/product/all-filter/ => generated 10255 bytes in 34 msecs (HTTP/1.1 200) 7 headers in 223 bytes (1 switches on core 0)
[pid: 9|app: 0|req: 13/38] 172.21.0.1 () {36 vars in 1053 bytes} [Thu Mar 20 21:24:09 2025] GET /image/2025/03/18/cover.webp => generated 0 bytes in 0 msecs (HTTP/1.1 304) 5 headers in 175 bytes (0 switches on core 0)
[pid: 10|app: 0|req: 17/39] 172.21.0.1 () {38 vars in 1129 bytes} [Thu Mar 20 21:24:09 2025] GET /shop/product/all-filter/ => generated 10255 bytes in 30 msecs (HTTP/1.1 200) 7 headers in 223 bytes (1 switches on core 0)
[pid: 10|app: 0|req: 18/40] 172.21.0.1 () {36 vars in 1053 bytes} [Thu Mar 20 21:24:09 2025] GET /image/2025/03/18/cover.webp => generated 0 bytes in 0 msecs (HTTP/1.1 304) 5 headers in 175 bytes (0 switches on core 0)
[pid: 9|app: 0|req: 14/41] 172.21.0.1 () {36 vars in 1096 bytes} [Thu Mar 20 21:26:33 2025] GET /shop/product/details/2/ => generated 7167 bytes in 96 msecs (HTTP/1.1 200) 8 headers in 390 bytes (1 switches on core 0)
[pid: 9|app: 0|req: 15/42] 172.21.0.1 () {36 vars in 1056 bytes} [Thu Mar 20 21:26:33 2025] GET /image/2025/03/20/69495367.jpg => generated 0 bytes in 2 msecs (HTTP/1.1 304) 5 headers in 175 bytes (0 switches on core 0)
[pid: 7|app: 0|req: 5/43] 172.21.0.1 () {44 vars in 1231 bytes} [Thu Mar 20 21:28:04 2025] POST /shop/product/details/2/ => generated 7314 bytes in 106 msecs (HTTP/1.1 200) 8 headers in 390 bytes (1 switches on core 0)
[pid: 9|app: 0|req: 16/44] 172.21.0.1 () {36 vars in 1056 bytes} [Thu Mar 20 21:28:05 2025] GET /image/2025/03/20/69495367.jpg => generated 0 bytes in 11 msecs (HTTP/1.1 304) 5 headers in 175 bytes (0 switches on core 0)
[pid: 7|app: 0|req: 6/45] 172.21.0.1 () {44 vars in 1231 bytes} [Thu Mar 20 21:30:40 2025] POST /shop/product/details/2/ => generated 0 bytes in 41 msecs (HTTP/1.1 302) 9 headers in 503 bytes (1 switches on core 0)
[pid: 8|app: 0|req: 6/46] 172.21.0.1 () {38 vars in 1327 bytes} [Thu Mar 20 21:30:40 2025] GET /shop/product/all-filter/ => generated 10614 bytes in 48 msecs (HTTP/1.1 200) 8 headers in 321 bytes (1 switches on core 0)
[pid: 7|app: 0|req: 7/47] 172.21.0.1 () {36 vars in 1053 bytes} [Thu Mar 20 21:30:40 2025] GET /image/2025/03/18/cover.webp => generated 0 bytes in 1 msecs (HTTP/1.1 304) 5 headers in 175 bytes (0 switches on core 0)
[pid: 10|app: 0|req: 19/48] 172.21.0.1 () {36 vars in 1045 bytes} [Thu Mar 20 21:30:40 2025] GET /image/2025/03/20/1.webp => generated 0 bytes in 5 msecs (HTTP/1.1 304) 5 headers in 175 bytes (0 switches on core 0)
[pid: 9|app: 0|req: 17/49] 172.21.0.1 () {36 vars in 1063 bytes} [Thu Mar 20 21:30:41 2025] GET /image/2025/03/20/gore-ot-uma.jpg => generated 0 bytes in 0 msecs (HTTP/1.1 304) 5 headers in 175 bytes (0 switches on core 0)
[pid: 10|app: 0|req: 20/50] 172.21.0.1 () {36 vars in 1096 bytes} [Thu Mar 20 21:30:44 2025] GET /shop/product/details/2/ => generated 7195 bytes in 57 msecs (HTTP/1.1 200) 8 headers in 390 bytes (1 switches on core 0)
[pid: 8|app: 0|req: 7/51] 172.21.0.1 () {36 vars in 1083 bytes} [Thu Mar 20 21:30:54 2025] GET /shop/product/all/ => generated 7459 bytes in 32 msecs (HTTP/1.1 200) 6 headers in 208 bytes (1 switches on core 0)
[pid: 10|app: 0|req: 21/52] 172.21.0.1 () {36 vars in 1091 bytes} [Thu Mar 20 21:31:08 2025] GET /shop/product/all-filter/ => generated 10255 bytes in 48 msecs (HTTP/1.1 200) 7 headers in 223 bytes (1 switches on core 0)
[pid: 10|app: 0|req: 22/53] 172.21.0.1 () {36 vars in 1053 bytes} [Thu Mar 20 21:31:08 2025] GET /image/2025/03/18/cover.webp => generated 0 bytes in 2 msecs (HTTP/1.1 304) 5 headers in 175 bytes (0 switches on core 0)
[pid: 7|app: 0|req: 8/54] 172.21.0.1 () {36 vars in 1084 bytes} [Thu Mar 20 21:31:11 2025] GET /shop/product/all/ => generated 7459 bytes in 50 msecs (HTTP/1.1 200) 6 headers in 208 bytes (1 switches on core 0)
[pid: 10|app: 0|req: 23/55] 172.21.0.1 () {36 vars in 1084 bytes} [Thu Mar 20 21:31:15 2025] GET /shop/product/all/ => generated 7459 bytes in 32 msecs (HTTP/1.1 200) 6 headers in 208 bytes (1 switches on core 0)
[pid: 10|app: 0|req: 24/56] 172.21.0.1 () {38 vars in 1115 bytes} [Thu Mar 20 21:39:30 2025] GET /shop/product/all/ => generated 615 bytes in 31 msecs (HTTP/1.1 200) 6 headers in 207 bytes (1 switches on core 0)
[pid: 9|app: 0|req: 18/57] 172.21.0.1 () {38 vars in 1115 bytes} [Thu Mar 20 21:39:31 2025] GET /shop/product/all/ => generated 615 bytes in 55 msecs (HTTP/1.1 200) 6 headers in 207 bytes (1 switches on core 0)
[pid: 10|app: 0|req: 25/58] 172.21.0.1 () {36 vars in 1096 bytes} [Thu Mar 20 21:39:33 2025] GET /shop/product/details/1/ => generated 7906 bytes in 77 msecs (HTTP/1.1 200) 8 headers in 390 bytes (1 switches on core 0)
[pid: 8|app: 0|req: 8/59] 172.21.0.1 () {36 vars in 1052 bytes} [Thu Mar 20 21:39:33 2025] GET /image/2025/03/18/cover.webp => generated 0 bytes in 8 msecs (HTTP/1.1 304) 5 headers in 175 bytes (0 switches on core 0)
[pid: 7|app: 0|req: 9/60] 172.21.0.1 () {36 vars in 1089 bytes} [Thu Mar 20 21:39:35 2025] GET /shop/product/more/1/ => generated 6758 bytes in 55 msecs (HTTP/1.1 200) 8 headers in 390 bytes (1 switches on core 0)
[pid: 10|app: 0|req: 26/61] 172.21.0.1 () {36 vars in 1049 bytes} [Thu Mar 20 21:39:35 2025] GET /image/2025/03/18/cover.webp => generated 0 bytes in 1 msecs (HTTP/1.1 304) 5 headers in 175 bytes (0 switches on core 0)
[pid: 10|app: 0|req: 27/62] 172.21.0.1 () {44 vars in 1208 bytes} [Thu Mar 20 21:39:39 2025] POST /basket/add/1/ => generated 0 bytes in 28 msecs (HTTP/1.1 302) 9 headers in 619 bytes (1 switches on core 0)
[pid: 8|app: 0|req: 9/63] 172.21.0.1 () {38 vars in 1117 bytes} [Thu Mar 20 21:39:39 2025] GET /basket/ => generated 4544 bytes in 36 msecs (HTTP/1.1 200) 7 headers in 222 bytes (1 switches on core 0)
[pid: 10|app: 0|req: 28/64] 172.21.0.1 () {36 vars in 1062 bytes} [Thu Mar 20 21:39:39 2025] GET /image/2025/03/18/cover.webp => generated 0 bytes in 1 msecs (HTTP/1.1 304) 5 headers in 175 bytes (0 switches on core 0)
[pid: 10|app: 0|req: 29/65] 172.21.0.1 () {36 vars in 1099 bytes} [Thu Mar 20 21:39:40 2025] GET /basket/create_order/ => generated 4749 bytes in 51 msecs (HTTP/1.1 200) 8 headers in 390 bytes (1 switches on core 0)
[pid: 10|app: 0|req: 30/66] 172.21.0.1 () {44 vars in 1230 bytes} [Thu Mar 20 21:40:15 2025] POST /basket/buy/ => generated 0 bytes in 57 msecs (HTTP/1.1 302) 9 headers in 582 bytes (1 switches on core 0)
[pid: 9|app: 0|req: 19/67] 172.21.0.1 () {38 vars in 1080 bytes} [Thu Mar 20 21:40:15 2025] GET /basket/ => generated 2865 bytes in 49 msecs (HTTP/1.1 200) 8 headers in 573 bytes (1 switches on core 0)
[pid: 10|app: 0|req: 31/68] 172.21.0.1 () {36 vars in 1081 bytes} [Thu Mar 20 21:40:18 2025] GET /shop/product/all-filter/ => generated 10255 bytes in 42 msecs (HTTP/1.1 200) 7 headers in 223 bytes (1 switches on core 0)
[pid: 10|app: 0|req: 32/69] 172.21.0.1 () {36 vars in 1053 bytes} [Thu Mar 20 21:40:18 2025] GET /image/2025/03/18/cover.webp => generated 0 bytes in 1 msecs (HTTP/1.1 304) 5 headers in 175 bytes (0 switches on core 0)
[pid: 8|app: 0|req: 10/70] 172.21.0.1 () {36 vars in 1057 bytes} [Thu Mar 20 21:40:18 2025] GET /image/2025/03/20/69495367.jpg => generated 0 bytes in 9 msecs (HTTP/1.1 304) 5 headers in 175 bytes (0 switches on core 0)
[pid: 9|app: 0|req: 20/71] 172.21.0.1 () {36 vars in 1063 bytes} [Thu Mar 20 21:40:18 2025] GET /image/2025/03/20/gore-ot-uma.jpg => generated 0 bytes in 2 msecs (HTTP/1.1 304) 5 headers in 175 bytes (0 switches on core 0)
[pid: 7|app: 0|req: 10/72] 172.21.0.1 () {36 vars in 1045 bytes} [Thu Mar 20 21:40:18 2025] GET /image/2025/03/20/1.webp => generated 0 bytes in 12 msecs (HTTP/1.1 304) 5 headers in 175 bytes (0 switches on core 0)
[pid: 10|app: 0|req: 33/73] 172.21.0.1 () {36 vars in 1064 bytes} [Thu Mar 20 21:40:21 2025] GET /basket/ => generated 2865 bytes in 27 msecs (HTTP/1.1 200) 8 headers in 573 bytes (1 switches on core 0)
[pid: 10|app: 0|req: 34/74] 172.21.0.1 () {36 vars in 1067 bytes} [Thu Mar 20 21:40:23 2025] GET /shop/product/all/ => generated 615 bytes in 6 msecs (HTTP/1.1 200) 6 headers in 207 bytes (1 switches on core 0)
[pid: 8|app: 0|req: 11/75] 172.21.0.1 () {38 vars in 1098 bytes} [Thu Mar 20 21:40:24 2025] GET /shop/product/all/ => generated 615 bytes in 13 msecs (HTTP/1.1 200) 6 headers in 207 bytes (1 switches on core 0)
[pid: 10|app: 0|req: 35/76] 172.21.0.1 () {38 vars in 1098 bytes} [Thu Mar 20 21:40:25 2025] GET /shop/product/all/ => generated 615 bytes in 5 msecs (HTTP/1.1 200) 6 headers in 207 bytes (1 switches on core 0)
[pid: 10|app: 0|req: 36/77] 172.21.0.1 () {38 vars in 1098 bytes} [Thu Mar 20 21:40:25 2025] GET /shop/product/all/ => generated 615 bytes in 4 msecs (HTTP/1.1 200) 6 headers in 207 bytes (1 switches on core 0)
[pid: 7|app: 0|req: 11/78] 172.21.0.1 () {36 vars in 1080 bytes} [Thu Mar 20 21:40:28 2025] GET /admin/shop/order/ => generated 16813 bytes in 109 msecs (HTTP/1.1 200) 10 headers in 503 bytes (1 switches on core 0)
[pid: 10|app: 0|req: 37/79] 172.21.0.1 () {34 vars in 902 bytes} [Thu Mar 20 21:40:28 2025] GET /admin/jsi18n/ => generated 15618 bytes in 15 msecs (HTTP/1.1 200) 7 headers in 231 bytes (1 switches on core 0)
[pid: 10|app: 0|req: 38/80] 172.21.0.1 () {38 vars in 1098 bytes} [Thu Mar 20 21:41:07 2025] GET /shop/product/all/ => generated 615 bytes in 29 msecs (HTTP/1.1 200) 6 headers in 207 bytes (1 switches on core 0)
[pid: 8|app: 0|req: 12/81] 172.21.0.1 () {38 vars in 1098 bytes} [Thu Mar 20 21:41:08 2025] GET /shop/product/all/ => generated 615 bytes in 22 msecs (HTTP/1.1 200) 6 headers in 207 bytes (1 switches on core 0)
[pid: 9|app: 0|req: 21/82] 172.21.0.1 () {38 vars in 1098 bytes} [Thu Mar 20 21:41:08 2025] GET /shop/product/all/ => generated 615 bytes in 22 msecs (HTTP/1.1 200) 6 headers in 207 bytes (1 switches on core 0)
[pid: 9|app: 0|req: 22/83] 172.21.0.1 () {38 vars in 1098 bytes} [Thu Mar 20 21:41:08 2025] GET /shop/product/all/ => generated 615 bytes in 3 msecs (HTTP/1.1 200) 6 headers in 207 bytes (1 switches on core 0)
[pid: 10|app: 0|req: 39/84] 172.21.0.1 () {38 vars in 1098 bytes} [Thu Mar 20 21:41:36 2025] GET /shop/product/all/ => generated 615 bytes in 16 msecs (HTTP/1.1 200) 6 headers in 207 bytes (1 switches on core 0)
[pid: 8|app: 0|req: 13/85] 172.21.0.1 () {38 vars in 1098 bytes} [Thu Mar 20 21:41:37 2025] GET /shop/product/all/ => generated 615 bytes in 32 msecs (HTTP/1.1 200) 6 headers in 207 bytes (1 switches on core 0)
[pid: 10|app: 0|req: 40/86] 172.21.0.1 () {38 vars in 1098 bytes} [Thu Mar 20 21:41:37 2025] GET /shop/product/all/ => generated 615 bytes in 7 msecs (HTTP/1.1 200) 6 headers in 207 bytes (1 switches on core 0)
[pid: 10|app: 0|req: 41/87] 172.21.0.1 () {38 vars in 1098 bytes} [Thu Mar 20 21:41:38 2025] GET /shop/product/all/ => generated 615 bytes in 7 msecs (HTTP/1.1 200) 6 headers in 207 bytes (1 switches on core 0)
[pid: 10|app: 0|req: 42/88] 172.21.0.1 () {36 vars in 1067 bytes} [Thu Mar 20 21:41:40 2025] GET /shop/product/all/ => generated 615 bytes in 6 msecs (HTTP/1.1 200) 6 headers in 207 bytes (1 switches on core 0)
[pid: 10|app: 0|req: 43/89] 172.21.0.1 () {36 vars in 1081 bytes} [Thu Mar 20 21:41:43 2025] GET /shop/product/all-filter/ => generated 10255 bytes in 65 msecs (HTTP/1.1 200) 7 headers in 223 bytes (1 switches on core 0)
[pid: 9|app: 0|req: 23/90] 172.21.0.1 () {36 vars in 1053 bytes} [Thu Mar 20 21:41:43 2025] GET /image/2025/03/18/cover.webp => generated 0 bytes in 8 msecs (HTTP/1.1 304) 5 headers in 175 bytes (0 switches on core 0)
[pid: 9|app: 0|req: 24/91] 172.21.0.1 () {36 vars in 1084 bytes} [Thu Mar 20 21:41:44 2025] GET /shop/product/all/ => generated 615 bytes in 15 msecs (HTTP/1.1 200) 6 headers in 207 bytes (1 switches on core 0)
[pid: 10|app: 0|req: 44/92] 172.21.0.1 () {38 vars in 1112 bytes} [Thu Mar 20 21:42:44 2025] GET /shop/product/all-filter/ => generated 10255 bytes in 88 msecs (HTTP/1.1 200) 7 headers in 223 bytes (1 switches on core 0)
[pid: 8|app: 0|req: 14/93] 172.21.0.1 () {36 vars in 1053 bytes} [Thu Mar 20 21:42:44 2025] GET /image/2025/03/18/cover.webp => generated 0 bytes in 9 msecs (HTTP/1.1 304) 5 headers in 175 bytes (0 switches on core 0)
[pid: 10|app: 0|req: 45/94] 172.21.0.1 () {36 vars in 1084 bytes} [Thu Mar 20 21:42:45 2025] GET /shop/product/all/ => generated 615 bytes in 5 msecs (HTTP/1.1 200) 6 headers in 207 bytes (1 switches on core 0)
[pid: 7|app: 0|req: 12/95] 172.21.0.1 () {38 vars in 1115 bytes} [Thu Mar 20 21:42:47 2025] GET /shop/product/all/ => generated 615 bytes in 19 msecs (HTTP/1.1 200) 6 headers in 207 bytes (1 switches on core 0)
[pid: 10|app: 0|req: 46/96] 172.21.0.1 () {38 vars in 1115 bytes} [Thu Mar 20 21:43:21 2025] GET /shop/product/all/ => generated 615 bytes in 22 msecs (HTTP/1.1 200) 6 headers in 207 bytes (1 switches on core 0)
[pid: 10|app: 0|req: 47/97] 172.21.0.1 () {38 vars in 1115 bytes} [Thu Mar 20 21:43:21 2025] GET /shop/product/all/ => generated 615 bytes in 2 msecs (HTTP/1.1 200) 6 headers in 207 bytes (1 switches on core 0)
[pid: 8|app: 0|req: 15/98] 172.21.0.1 () {38 vars in 1115 bytes} [Thu Mar 20 21:43:21 2025] GET /shop/product/all/ => generated 615 bytes in 20 msecs (HTTP/1.1 200) 6 headers in 207 bytes (1 switches on core 0)
[pid: 7|app: 0|req: 13/99] 172.21.0.1 () {38 vars in 1112 bytes} [Thu Mar 20 21:43:23 2025] GET /shop/product/all-filter/ => generated 10255 bytes in 97 msecs (HTTP/1.1 200) 7 headers in 223 bytes (1 switches on core 0)
[pid: 9|app: 0|req: 25/100] 172.21.0.1 () {36 vars in 1053 bytes} [Thu Mar 20 21:43:23 2025] GET /image/2025/03/18/cover.webp => generated 0 bytes in 9 msecs (HTTP/1.1 304) 5 headers in 175 bytes (0 switches on core 0)
[pid: 10|app: 0|req: 48/101] 172.21.0.1 () {36 vars in 1084 bytes} [Thu Mar 20 21:43:40 2025] GET /shop/product/all/ => generated 615 bytes in 36 msecs (HTTP/1.1 200) 6 headers in 207 bytes (1 switches on core 0)
[pid: 9|app: 0|req: 26/102] 172.21.0.1 () {38 vars in 1111 bytes} [Thu Mar 20 21:43:45 2025] GET /admin/shop/order/ => generated 16813 bytes in 137 msecs (HTTP/1.1 200) 10 headers in 503 bytes (1 switches on core 0)
[pid: 10|app: 0|req: 49/103] 172.21.0.1 () {34 vars in 902 bytes} [Thu Mar 20 21:43:45 2025] GET /admin/jsi18n/ => generated 15618 bytes in 15 msecs (HTTP/1.1 200) 7 headers in 231 bytes (1 switches on core 0)
[pid: 10|app: 0|req: 50/104] 172.21.0.1 () {38 vars in 1115 bytes} [Thu Mar 20 21:44:56 2025] GET /shop/product/all/ => generated 615 bytes in 24 msecs (HTTP/1.1 200) 6 headers in 207 bytes (1 switches on core 0)
[pid: 7|app: 0|req: 14/105] 172.21.0.1 () {38 vars in 1115 bytes} [Thu Mar 20 21:44:56 2025] GET /shop/product/all/ => generated 615 bytes in 20 msecs (HTTP/1.1 200) 6 headers in 207 bytes (1 switches on core 0)
[pid: 10|app: 0|req: 51/106] 172.21.0.1 () {38 vars in 1115 bytes} [Thu Mar 20 21:44:57 2025] GET /shop/product/all/ => generated 615 bytes in 7 msecs (HTTP/1.1 200) 6 headers in 207 bytes (1 switches on core 0)
[pid: 8|app: 0|req: 16/107] 172.21.0.1 () {38 vars in 1115 bytes} [Thu Mar 20 21:44:57 2025] GET /shop/product/all/ => generated 615 bytes in 20 msecs (HTTP/1.1 200) 6 headers in 207 bytes (1 switches on core 0)
[pid: 9|app: 0|req: 27/108] 172.21.0.1 () {38 vars in 1115 bytes} [Thu Mar 20 21:44:57 2025] GET /shop/product/all/ => generated 615 bytes in 20 msecs (HTTP/1.1 200) 6 headers in 207 bytes (1 switches on core 0)
[pid: 10|app: 0|req: 52/109] 172.21.0.1 () {38 vars in 1115 bytes} [Thu Mar 20 22:59:45 2025] GET /shop/product/all/ => generated 615 bytes in 24 msecs (HTTP/1.1 200) 6 headers in 207 bytes (1 switches on core 0)
[pid: 9|app: 0|req: 28/110] 172.21.0.1 () {38 vars in 1115 bytes} [Thu Mar 20 22:59:47 2025] GET /shop/product/all/ => generated 615 bytes in 24 msecs (HTTP/1.1 200) 6 headers in 207 bytes (1 switches on core 0)
[pid: 10|app: 0|req: 53/111] 172.21.0.1 () {38 vars in 1115 bytes} [Thu Mar 20 22:59:47 2025] GET /shop/product/all/ => generated 615 bytes in 5 msecs (HTTP/1.1 200) 6 headers in 207 bytes (1 switches on core 0)
[pid: 7|app: 0|req: 15/112] 172.21.0.1 () {36 vars in 1084 bytes} [Thu Mar 20 23:02:29 2025] GET /shop/product/all/ => generated 147 bytes in 28 msecs (HTTP/1.1 200) 6 headers in 207 bytes (1 switches on core 0)
[pid: 9|app: 0|req: 29/113] 172.21.0.1 () {38 vars in 1115 bytes} [Thu Mar 20 23:02:31 2025] GET /shop/product/all/ => generated 147 bytes in 26 msecs (HTTP/1.1 200) 6 headers in 207 bytes (1 switches on core 0)
[pid: 9|app: 0|req: 30/114] 172.21.0.1 () {38 vars in 1115 bytes} [Thu Mar 20 23:02:32 2025] GET /shop/product/all/ => generated 147 bytes in 4 msecs (HTTP/1.1 200) 6 headers in 207 bytes (1 switches on core 0)
[pid: 10|app: 0|req: 54/115] 172.21.0.1 () {38 vars in 1112 bytes} [Thu Mar 20 23:02:52 2025] GET /shop/product/all-filter/ => generated 10255 bytes in 83 msecs (HTTP/1.1 200) 7 headers in 223 bytes (1 switches on core 0)
[pid: 10|app: 0|req: 55/116] 172.21.0.1 () {36 vars in 1053 bytes} [Thu Mar 20 23:02:53 2025] GET /image/2025/03/18/cover.webp => generated 0 bytes in 2 msecs (HTTP/1.1 304) 5 headers in 175 bytes (0 switches on core 0)
[pid: 8|app: 0|req: 17/117] 172.21.0.1 () {36 vars in 1057 bytes} [Thu Mar 20 23:02:53 2025] GET /image/2025/03/20/69495367.jpg => generated 0 bytes in 10 msecs (HTTP/1.1 304) 5 headers in 175 bytes (0 switches on core 0)
[pid: 7|app: 0|req: 16/118] 172.21.0.1 () {36 vars in 1063 bytes} [Thu Mar 20 23:02:53 2025] GET /image/2025/03/20/gore-ot-uma.jpg => generated 0 bytes in 16 msecs (HTTP/1.1 304) 5 headers in 175 bytes (0 switches on core 0)
[pid: 9|app: 0|req: 31/119] 172.21.0.1 () {36 vars in 1045 bytes} [Thu Mar 20 23:02:53 2025] GET /image/2025/03/20/1.webp => generated 0 bytes in 17 msecs (HTTP/1.1 304) 5 headers in 175 bytes (0 switches on core 0)
[pid: 9|app: 0|req: 32/120] 172.21.0.1 () {36 vars in 1084 bytes} [Thu Mar 20 23:02:54 2025] GET /shop/product/all/ => generated 615 bytes in 12 msecs (HTTP/1.1 200) 6 headers in 207 bytes (1 switches on core 0)
Thu Mar 20 23:03:05 2025 - uWSGI worker 4 screams: UAAAAAAH my master disconnected: i will kill myself !!!
Thu Mar 20 23:03:05 2025 - uWSGI worker 1 screams: UAAAAAAH my master disconnected: i will kill myself !!!
Thu Mar 20 23:03:05 2025 - uWSGI worker 2 screams: UAAAAAAH my master disconnected: i will kill myself !!!
*** Starting uWSGI 2.0.21 (64bit) on [Thu Mar 20 20:03:13 2025] ***
compiled with version: 12.2.0 on 20 March 2025 12:32:40
os: Linux-5.15.49-linuxkit-pr #1 SMP PREEMPT Thu May 25 07:27:39 UTC 2023
nodename: ae161a982c57
machine: aarch64
clock source: unix
detected number of CPU cores: 4
current working directory: /code
detected binary path: /usr/local/bin/uwsgi
!!! no internal routing support, rebuild with pcre support !!!
uWSGI running as root, you can use --uid/--gid/--chroot options
*** WARNING: you are running uWSGI as root !!! (use the --uid flag) *** 
chdir() to /code
your memory page size is 4096 bytes
detected max file descriptor number: 1048576
lock engine: pthread robust mutexes
thunder lock: disabled (you can enable it with --thunder-lock)
uwsgi socket 0 bound to TCP address :8000 fd 3
uWSGI running as root, you can use --uid/--gid/--chroot options
*** WARNING: you are running uWSGI as root !!! (use the --uid flag) *** 
Python version: 3.11.4 (main, Aug 16 2023, 07:34:21) [GCC 12.2.0]
*** Python threads support is disabled. You can enable it with --enable-threads ***
Python main interpreter initialized at 0xffffb5382940
uWSGI running as root, you can use --uid/--gid/--chroot options
*** WARNING: you are running uWSGI as root !!! (use the --uid flag) *** 
your server socket listen backlog is limited to 100 connections
your mercy for graceful operations on workers is 60 seconds
mapped 364600 bytes (356 KB) for 4 cores
*** Operational MODE: preforking ***
WSGI app 0 (mountpoint='') ready in 0 seconds on interpreter 0xffffb5382940 pid: 1 (default app)
uWSGI running as root, you can use --uid/--gid/--chroot options
*** WARNING: you are running uWSGI as root !!! (use the --uid flag) *** 
*** uWSGI is running in multiple interpreter mode ***
spawned uWSGI master process (pid: 1)
spawned uWSGI worker 1 (pid: 7, cores: 1)
spawned uWSGI worker 2 (pid: 8, cores: 1)
spawned uWSGI worker 3 (pid: 9, cores: 1)
spawned uWSGI worker 4 (pid: 10, cores: 1)
[pid: 10|app: 0|req: 1/1] 172.21.0.1 () {38 vars in 1115 bytes} [Thu Mar 20 23:03:16 2025] GET /shop/product/all/ => generated 3570 bytes in 205 msecs (HTTP/1.1 200) 6 headers in 208 bytes (1 switches on core 0)
[pid: 10|app: 0|req: 2/2] 172.21.0.1 () {38 vars in 1115 bytes} [Thu Mar 20 23:03:55 2025] GET /shop/product/all/ => generated 3570 bytes in 83 msecs (HTTP/1.1 200) 6 headers in 208 bytes (1 switches on core 0)
[pid: 8|app: 0|req: 1/3] 172.21.0.1 () {36 vars in 1077 bytes} [Thu Mar 20 23:04:03 2025] GET /admin/shop/order/ => generated 16813 bytes in 214 msecs (HTTP/1.1 200) 10 headers in 503 bytes (1 switches on core 0)
[pid: 8|app: 0|req: 2/4] 172.21.0.1 () {34 vars in 902 bytes} [Thu Mar 20 23:04:03 2025] GET /admin/jsi18n/ => generated 15618 bytes in 15 msecs (HTTP/1.1 200) 7 headers in 231 bytes (1 switches on core 0)
[pid: 7|app: 0|req: 1/5] 172.21.0.1 () {36 vars in 1084 bytes} [Thu Mar 20 23:04:07 2025] GET /admin/shop/order/?o=1 => generated 17207 bytes in 169 msecs (HTTP/1.1 200) 10 headers in 503 bytes (1 switches on core 0)
[pid: 8|app: 0|req: 3/6] 172.21.0.1 () {34 vars in 906 bytes} [Thu Mar 20 23:04:07 2025] GET /admin/jsi18n/ => generated 15618 bytes in 11 msecs (HTTP/1.1 200) 7 headers in 231 bytes (1 switches on core 0)
Not Found: /static/admin/img/sorting-icons.svg
[pid: 10|app: 0|req: 3/7] 172.21.0.1 () {36 vars in 1068 bytes} [Thu Mar 20 23:04:07 2025] GET /static/admin/img/sorting-icons.svg => generated 2818 bytes in 17 msecs (HTTP/1.1 404) 6 headers in 200 bytes (1 switches on core 0)
[pid: 8|app: 0|req: 4/8] 172.21.0.1 () {36 vars in 1090 bytes} [Thu Mar 20 23:04:08 2025] GET /admin/shop/order/?o=-1 => generated 17217 bytes in 57 msecs (HTTP/1.1 200) 10 headers in 503 bytes (1 switches on core 0)
[pid: 9|app: 0|req: 1/9] 172.21.0.1 () {34 vars in 907 bytes} [Thu Mar 20 23:04:08 2025] GET /admin/jsi18n/ => generated 15618 bytes in 112 msecs (HTTP/1.1 200) 7 headers in 231 bytes (1 switches on core 0)
Not Found: /static/admin/img/sorting-icons.svg
[pid: 9|app: 0|req: 2/10] 172.21.0.1 () {34 vars in 1013 bytes} [Thu Mar 20 23:04:08 2025] GET /static/admin/img/sorting-icons.svg => generated 2818 bytes in 11 msecs (HTTP/1.1 404) 6 headers in 200 bytes (1 switches on core 0)
[pid: 10|app: 0|req: 4/11] 172.21.0.1 () {36 vars in 1087 bytes} [Thu Mar 20 23:04:10 2025] GET /admin/shop/order/?o= => generated 16888 bytes in 90 msecs (HTTP/1.1 200) 10 headers in 503 bytes (1 switches on core 0)
[pid: 10|app: 0|req: 5/12] 172.21.0.1 () {34 vars in 905 bytes} [Thu Mar 20 23:04:10 2025] GET /admin/jsi18n/ => generated 15618 bytes in 16 msecs (HTTP/1.1 200) 7 headers in 231 bytes (1 switches on core 0)
[pid: 10|app: 0|req: 6/13] 172.21.0.1 () {36 vars in 1149 bytes} [Thu Mar 20 23:04:11 2025] GET /admin/shop/order/34/change/?_changelist_filters=o%3D => generated 19773 bytes in 67 msecs (HTTP/1.1 200) 10 headers in 503 bytes (1 switches on core 0)
Not Found: /static/admin/js/admin/DateTimeShortcuts.js
[pid: 9|app: 0|req: 3/14] 172.21.0.1 () {36 vars in 1050 bytes} [Thu Mar 20 23:04:11 2025] GET /static/admin/js/admin/DateTimeShortcuts.js => generated 2850 bytes in 5 msecs (HTTP/1.1 404) 6 headers in 200 bytes (1 switches on core 0)
Not Found: /static/admin/js/calendar.js
[pid: 7|app: 0|req: 2/15] 172.21.0.1 () {36 vars in 1020 bytes} [Thu Mar 20 23:04:11 2025] GET /static/admin/js/calendar.js => generated 2790 bytes in 6 msecs (HTTP/1.1 404) 6 headers in 200 bytes (1 switches on core 0)
[pid: 10|app: 0|req: 7/16] 172.21.0.1 () {34 vars in 937 bytes} [Thu Mar 20 23:04:11 2025] GET /admin/jsi18n/ => generated 15618 bytes in 13 msecs (HTTP/1.1 200) 7 headers in 231 bytes (1 switches on core 0)
[pid: 9|app: 0|req: 4/17] 172.21.0.1 () {44 vars in 1317 bytes} [Thu Mar 20 23:04:20 2025] POST /admin/shop/order/34/change/?_changelist_filters=o%3D => generated 0 bytes in 51 msecs (HTTP/1.1 302) 11 headers in 720 bytes (1 switches on core 0)
[pid: 7|app: 0|req: 3/18] 172.21.0.1 () {38 vars in 1454 bytes} [Thu Mar 20 23:04:20 2025] GET /admin/shop/order/ => generated 17090 bytes in 31 msecs (HTTP/1.1 200) 11 headers in 601 bytes (1 switches on core 0)
[pid: 8|app: 0|req: 5/19] 172.21.0.1 () {34 vars in 902 bytes} [Thu Mar 20 23:04:20 2025] GET /admin/jsi18n/ => generated 15618 bytes in 24 msecs (HTTP/1.1 200) 7 headers in 231 bytes (1 switches on core 0)
[pid: 8|app: 0|req: 6/20] 172.21.0.1 () {44 vars in 1213 bytes} [Thu Mar 20 23:04:26 2025] POST /admin/shop/order/ => generated 0 bytes in 67 msecs (HTTP/1.1 302) 11 headers in 602 bytes (1 switches on core 0)
[pid: 8|app: 0|req: 7/21] 172.21.0.1 () {38 vars in 1301 bytes} [Thu Mar 20 23:04:26 2025] GET /admin/shop/order/ => generated 16993 bytes in 34 msecs (HTTP/1.1 200) 11 headers in 601 bytes (1 switches on core 0)
[pid: 10|app: 0|req: 8/22] 172.21.0.1 () {34 vars in 902 bytes} [Thu Mar 20 23:04:26 2025] GET /admin/jsi18n/ => generated 15618 bytes in 32 msecs (HTTP/1.1 200) 7 headers in 231 bytes (1 switches on core 0)
[pid: 9|app: 0|req: 5/23] 172.21.0.1 () {38 vars in 1115 bytes} [Thu Mar 20 23:04:30 2025] GET /shop/product/all/ => generated 3573 bytes in 55 msecs (HTTP/1.1 200) 6 headers in 208 bytes (1 switches on core 0)
[pid: 10|app: 0|req: 9/24] 172.21.0.1 () {36 vars in 1091 bytes} [Thu Mar 20 23:04:40 2025] GET /shop/product/all-filter/ => generated 10255 bytes in 48 msecs (HTTP/1.1 200) 7 headers in 223 bytes (1 switches on core 0)
[pid: 10|app: 0|req: 10/25] 172.21.0.1 () {36 vars in 1053 bytes} [Thu Mar 20 23:04:40 2025] GET /image/2025/03/18/cover.webp => generated 0 bytes in 1 msecs (HTTP/1.1 304) 5 headers in 175 bytes (0 switches on core 0)
SIGINT/SIGTERM received...killing workers...
worker 1 buried after 1 seconds
worker 2 buried after 1 seconds
worker 3 buried after 1 seconds
worker 4 buried after 1 seconds
goodbye to uWSGI.
